
*** Running vivado
    with args -log aes_encryption_implementation_top.vds -m64 -product Vivado -mode batch -messageDb vivado.pb -notrace -source aes_encryption_implementation_top.tcl


****** Vivado v2018.1 (64-bit)
  **** SW Build 2188600 on Wed Apr  4 18:40:38 MDT 2018
  **** IP Build 2185939 on Wed Apr  4 20:55:05 MDT 2018
    ** Copyright 1986-2018 Xilinx, Inc. All Rights Reserved.

source aes_encryption_implementation_top.tcl -notrace
Command: synth_design -top aes_encryption_implementation_top -part xc7z020clg400-1
Starting synth_design
Attempting to get a license for feature 'Synthesis' and/or device 'xc7z020'
INFO: [Common 17-349] Got license for feature 'Synthesis' and/or device 'xc7z020'
INFO: Launching helper process for spawning children vivado processes
INFO: Helper process launched with PID 13692 
---------------------------------------------------------------------------------
Starting RTL Elaboration : Time (s): cpu = 00:00:04 ; elapsed = 00:00:05 . Memory (MB): peak = 354.801 ; gain = 100.082
---------------------------------------------------------------------------------
INFO: [Synth 8-638] synthesizing module 'aes_encryption_implementation_top' [D:/vivado_projects/aes_encryption_implementation/aes_encryption_implementation.srcs/sources_1/new/aes_encryption_implementation_top.vhd:24]
INFO: [Synth 8-3491] module 'aes_encryption_implementation' declared at 'D:/vivado_projects/aes_encryption_implementation/aes_encryption_implementation.srcs/sources_1/new/aes_encryption_implementation.vhd:16' bound to instance 'aes_encryption_implemenation_1' of component 'aes_encryption_implementation' [D:/vivado_projects/aes_encryption_implementation/aes_encryption_implementation.srcs/sources_1/new/aes_encryption_implementation_top.vhd:51]
INFO: [Synth 8-638] synthesizing module 'aes_encryption_implementation' [D:/vivado_projects/aes_encryption_implementation/aes_encryption_implementation.srcs/sources_1/new/aes_encryption_implementation.vhd:27]
INFO: [Synth 8-3491] module 'aes_encryption_key_schedule' declared at 'D:/vivado_projects/aes_encryption_implementation/aes_encryption_implementation.srcs/sources_1/new/aes_encryption_key_schedule.vhd:17' bound to instance 'key_schedule_1' of component 'aes_encryption_key_schedule' [D:/vivado_projects/aes_encryption_implementation/aes_encryption_implementation.srcs/sources_1/new/aes_encryption_implementation.vhd:72]
INFO: [Synth 8-638] synthesizing module 'aes_encryption_key_schedule' [D:/vivado_projects/aes_encryption_implementation/aes_encryption_implementation.srcs/sources_1/new/aes_encryption_key_schedule.vhd:24]
INFO: [Synth 8-3491] module 'g_function' declared at 'D:/vivado_projects/aes_encryption_implementation/aes_encryption_implementation.srcs/sources_1/new/g_function.vhd:16' bound to instance 'g_func_inst' of component 'g_function' [D:/vivado_projects/aes_encryption_implementation/aes_encryption_implementation.srcs/sources_1/new/aes_encryption_key_schedule.vhd:59]
INFO: [Synth 8-638] synthesizing module 'g_function' [D:/vivado_projects/aes_encryption_implementation/aes_encryption_implementation.srcs/sources_1/new/g_function.vhd:25]
INFO: [Synth 8-3491] module 'aes_encryption_sbox' declared at 'D:/vivado_projects/aes_encryption_implementation/aes_encryption_implementation.srcs/sources_1/imports/Downloads/aes_encryption_sbox.vhd:17' bound to instance 's_box_inst' of component 'aes_encryption_sbox' [D:/vivado_projects/aes_encryption_implementation/aes_encryption_implementation.srcs/sources_1/new/g_function.vhd:45]
INFO: [Synth 8-638] synthesizing module 'aes_encryption_sbox' [D:/vivado_projects/aes_encryption_implementation/aes_encryption_implementation.srcs/sources_1/imports/Downloads/aes_encryption_sbox.vhd:24]
INFO: [Synth 8-256] done synthesizing module 'aes_encryption_sbox' (1#1) [D:/vivado_projects/aes_encryption_implementation/aes_encryption_implementation.srcs/sources_1/imports/Downloads/aes_encryption_sbox.vhd:24]
INFO: [Synth 8-3491] module 'aes_encryption_sbox' declared at 'D:/vivado_projects/aes_encryption_implementation/aes_encryption_implementation.srcs/sources_1/imports/Downloads/aes_encryption_sbox.vhd:17' bound to instance 's_box_inst' of component 'aes_encryption_sbox' [D:/vivado_projects/aes_encryption_implementation/aes_encryption_implementation.srcs/sources_1/new/g_function.vhd:45]
INFO: [Synth 8-3491] module 'aes_encryption_sbox' declared at 'D:/vivado_projects/aes_encryption_implementation/aes_encryption_implementation.srcs/sources_1/imports/Downloads/aes_encryption_sbox.vhd:17' bound to instance 's_box_inst' of component 'aes_encryption_sbox' [D:/vivado_projects/aes_encryption_implementation/aes_encryption_implementation.srcs/sources_1/new/g_function.vhd:45]
INFO: [Synth 8-3491] module 'aes_encryption_sbox' declared at 'D:/vivado_projects/aes_encryption_implementation/aes_encryption_implementation.srcs/sources_1/imports/Downloads/aes_encryption_sbox.vhd:17' bound to instance 's_box_inst' of component 'aes_encryption_sbox' [D:/vivado_projects/aes_encryption_implementation/aes_encryption_implementation.srcs/sources_1/new/g_function.vhd:45]
INFO: [Synth 8-256] done synthesizing module 'g_function' (2#1) [D:/vivado_projects/aes_encryption_implementation/aes_encryption_implementation.srcs/sources_1/new/g_function.vhd:25]
INFO: [Synth 8-3491] module 'g_function' declared at 'D:/vivado_projects/aes_encryption_implementation/aes_encryption_implementation.srcs/sources_1/new/g_function.vhd:16' bound to instance 'g_func_inst' of component 'g_function' [D:/vivado_projects/aes_encryption_implementation/aes_encryption_implementation.srcs/sources_1/new/aes_encryption_key_schedule.vhd:59]
INFO: [Synth 8-3491] module 'g_function' declared at 'D:/vivado_projects/aes_encryption_implementation/aes_encryption_implementation.srcs/sources_1/new/g_function.vhd:16' bound to instance 'g_func_inst' of component 'g_function' [D:/vivado_projects/aes_encryption_implementation/aes_encryption_implementation.srcs/sources_1/new/aes_encryption_key_schedule.vhd:59]
INFO: [Synth 8-3491] module 'g_function' declared at 'D:/vivado_projects/aes_encryption_implementation/aes_encryption_implementation.srcs/sources_1/new/g_function.vhd:16' bound to instance 'g_func_inst' of component 'g_function' [D:/vivado_projects/aes_encryption_implementation/aes_encryption_implementation.srcs/sources_1/new/aes_encryption_key_schedule.vhd:59]
INFO: [Synth 8-3491] module 'g_function' declared at 'D:/vivado_projects/aes_encryption_implementation/aes_encryption_implementation.srcs/sources_1/new/g_function.vhd:16' bound to instance 'g_func_inst' of component 'g_function' [D:/vivado_projects/aes_encryption_implementation/aes_encryption_implementation.srcs/sources_1/new/aes_encryption_key_schedule.vhd:59]
INFO: [Synth 8-3491] module 'g_function' declared at 'D:/vivado_projects/aes_encryption_implementation/aes_encryption_implementation.srcs/sources_1/new/g_function.vhd:16' bound to instance 'g_func_inst' of component 'g_function' [D:/vivado_projects/aes_encryption_implementation/aes_encryption_implementation.srcs/sources_1/new/aes_encryption_key_schedule.vhd:59]
INFO: [Synth 8-3491] module 'g_function' declared at 'D:/vivado_projects/aes_encryption_implementation/aes_encryption_implementation.srcs/sources_1/new/g_function.vhd:16' bound to instance 'g_func_inst' of component 'g_function' [D:/vivado_projects/aes_encryption_implementation/aes_encryption_implementation.srcs/sources_1/new/aes_encryption_key_schedule.vhd:59]
INFO: [Synth 8-3491] module 'g_function' declared at 'D:/vivado_projects/aes_encryption_implementation/aes_encryption_implementation.srcs/sources_1/new/g_function.vhd:16' bound to instance 'g_func_inst' of component 'g_function' [D:/vivado_projects/aes_encryption_implementation/aes_encryption_implementation.srcs/sources_1/new/aes_encryption_key_schedule.vhd:59]
INFO: [Synth 8-3491] module 'g_function' declared at 'D:/vivado_projects/aes_encryption_implementation/aes_encryption_implementation.srcs/sources_1/new/g_function.vhd:16' bound to instance 'g_func_inst' of component 'g_function' [D:/vivado_projects/aes_encryption_implementation/aes_encryption_implementation.srcs/sources_1/new/aes_encryption_key_schedule.vhd:59]
INFO: [Synth 8-3491] module 'g_function' declared at 'D:/vivado_projects/aes_encryption_implementation/aes_encryption_implementation.srcs/sources_1/new/g_function.vhd:16' bound to instance 'g_func_inst' of component 'g_function' [D:/vivado_projects/aes_encryption_implementation/aes_encryption_implementation.srcs/sources_1/new/aes_encryption_key_schedule.vhd:59]
INFO: [Synth 8-256] done synthesizing module 'aes_encryption_key_schedule' (3#1) [D:/vivado_projects/aes_encryption_implementation/aes_encryption_implementation.srcs/sources_1/new/aes_encryption_key_schedule.vhd:24]
INFO: [Synth 8-3491] module 'aes_encryption_key_addition' declared at 'D:/vivado_projects/aes_encryption_implementation/aes_encryption_implementation.srcs/sources_1/new/aes_encryption_key_addition.vhd:16' bound to instance 'aes_first_round' of component 'aes_encryption_key_addition' [D:/vivado_projects/aes_encryption_implementation/aes_encryption_implementation.srcs/sources_1/new/aes_encryption_implementation.vhd:77]
INFO: [Synth 8-638] synthesizing module 'aes_encryption_key_addition' [D:/vivado_projects/aes_encryption_implementation/aes_encryption_implementation.srcs/sources_1/new/aes_encryption_key_addition.vhd:24]
INFO: [Synth 8-256] done synthesizing module 'aes_encryption_key_addition' (4#1) [D:/vivado_projects/aes_encryption_implementation/aes_encryption_implementation.srcs/sources_1/new/aes_encryption_key_addition.vhd:24]
INFO: [Synth 8-3491] module 'aes_encryption_round' declared at 'D:/vivado_projects/aes_encryption_implementation/aes_encryption_implementation.srcs/sources_1/new/aes_encryption_rounds.vhd:16' bound to instance 'aes_other_round' of component 'aes_encryption_round' [D:/vivado_projects/aes_encryption_implementation/aes_encryption_implementation.srcs/sources_1/new/aes_encryption_implementation.vhd:83]
INFO: [Synth 8-638] synthesizing module 'aes_encryption_round' [D:/vivado_projects/aes_encryption_implementation/aes_encryption_implementation.srcs/sources_1/new/aes_encryption_rounds.vhd:24]
INFO: [Synth 8-3491] module 'aes_encryption_sbox' declared at 'D:/vivado_projects/aes_encryption_implementation/aes_encryption_implementation.srcs/sources_1/imports/Downloads/aes_encryption_sbox.vhd:17' bound to instance 's_box_inst' of component 'aes_encryption_sbox' [D:/vivado_projects/aes_encryption_implementation/aes_encryption_implementation.srcs/sources_1/new/aes_encryption_rounds.vhd:65]
INFO: [Synth 8-3491] module 'aes_encryption_sbox' declared at 'D:/vivado_projects/aes_encryption_implementation/aes_encryption_implementation.srcs/sources_1/imports/Downloads/aes_encryption_sbox.vhd:17' bound to instance 's_box_inst' of component 'aes_encryption_sbox' [D:/vivado_projects/aes_encryption_implementation/aes_encryption_implementation.srcs/sources_1/new/aes_encryption_rounds.vhd:65]
INFO: [Synth 8-3491] module 'aes_encryption_sbox' declared at 'D:/vivado_projects/aes_encryption_implementation/aes_encryption_implementation.srcs/sources_1/imports/Downloads/aes_encryption_sbox.vhd:17' bound to instance 's_box_inst' of component 'aes_encryption_sbox' [D:/vivado_projects/aes_encryption_implementation/aes_encryption_implementation.srcs/sources_1/new/aes_encryption_rounds.vhd:65]
INFO: [Synth 8-3491] module 'aes_encryption_sbox' declared at 'D:/vivado_projects/aes_encryption_implementation/aes_encryption_implementation.srcs/sources_1/imports/Downloads/aes_encryption_sbox.vhd:17' bound to instance 's_box_inst' of component 'aes_encryption_sbox' [D:/vivado_projects/aes_encryption_implementation/aes_encryption_implementation.srcs/sources_1/new/aes_encryption_rounds.vhd:65]
INFO: [Synth 8-3491] module 'aes_encryption_sbox' declared at 'D:/vivado_projects/aes_encryption_implementation/aes_encryption_implementation.srcs/sources_1/imports/Downloads/aes_encryption_sbox.vhd:17' bound to instance 's_box_inst' of component 'aes_encryption_sbox' [D:/vivado_projects/aes_encryption_implementation/aes_encryption_implementation.srcs/sources_1/new/aes_encryption_rounds.vhd:65]
INFO: [Synth 8-3491] module 'aes_encryption_sbox' declared at 'D:/vivado_projects/aes_encryption_implementation/aes_encryption_implementation.srcs/sources_1/imports/Downloads/aes_encryption_sbox.vhd:17' bound to instance 's_box_inst' of component 'aes_encryption_sbox' [D:/vivado_projects/aes_encryption_implementation/aes_encryption_implementation.srcs/sources_1/new/aes_encryption_rounds.vhd:65]
INFO: [Synth 8-3491] module 'aes_encryption_sbox' declared at 'D:/vivado_projects/aes_encryption_implementation/aes_encryption_implementation.srcs/sources_1/imports/Downloads/aes_encryption_sbox.vhd:17' bound to instance 's_box_inst' of component 'aes_encryption_sbox' [D:/vivado_projects/aes_encryption_implementation/aes_encryption_implementation.srcs/sources_1/new/aes_encryption_rounds.vhd:65]
INFO: [Synth 8-3491] module 'aes_encryption_sbox' declared at 'D:/vivado_projects/aes_encryption_implementation/aes_encryption_implementation.srcs/sources_1/imports/Downloads/aes_encryption_sbox.vhd:17' bound to instance 's_box_inst' of component 'aes_encryption_sbox' [D:/vivado_projects/aes_encryption_implementation/aes_encryption_implementation.srcs/sources_1/new/aes_encryption_rounds.vhd:65]
INFO: [Synth 8-3491] module 'aes_encryption_sbox' declared at 'D:/vivado_projects/aes_encryption_implementation/aes_encryption_implementation.srcs/sources_1/imports/Downloads/aes_encryption_sbox.vhd:17' bound to instance 's_box_inst' of component 'aes_encryption_sbox' [D:/vivado_projects/aes_encryption_implementation/aes_encryption_implementation.srcs/sources_1/new/aes_encryption_rounds.vhd:65]
INFO: [Synth 8-3491] module 'aes_encryption_sbox' declared at 'D:/vivado_projects/aes_encryption_implementation/aes_encryption_implementation.srcs/sources_1/imports/Downloads/aes_encryption_sbox.vhd:17' bound to instance 's_box_inst' of component 'aes_encryption_sbox' [D:/vivado_projects/aes_encryption_implementation/aes_encryption_implementation.srcs/sources_1/new/aes_encryption_rounds.vhd:65]
INFO: [Synth 8-3491] module 'aes_encryption_sbox' declared at 'D:/vivado_projects/aes_encryption_implementation/aes_encryption_implementation.srcs/sources_1/imports/Downloads/aes_encryption_sbox.vhd:17' bound to instance 's_box_inst' of component 'aes_encryption_sbox' [D:/vivado_projects/aes_encryption_implementation/aes_encryption_implementation.srcs/sources_1/new/aes_encryption_rounds.vhd:65]
INFO: [Synth 8-3491] module 'aes_encryption_sbox' declared at 'D:/vivado_projects/aes_encryption_implementation/aes_encryption_implementation.srcs/sources_1/imports/Downloads/aes_encryption_sbox.vhd:17' bound to instance 's_box_inst' of component 'aes_encryption_sbox' [D:/vivado_projects/aes_encryption_implementation/aes_encryption_implementation.srcs/sources_1/new/aes_encryption_rounds.vhd:65]
INFO: [Synth 8-3491] module 'aes_encryption_sbox' declared at 'D:/vivado_projects/aes_encryption_implementation/aes_encryption_implementation.srcs/sources_1/imports/Downloads/aes_encryption_sbox.vhd:17' bound to instance 's_box_inst' of component 'aes_encryption_sbox' [D:/vivado_projects/aes_encryption_implementation/aes_encryption_implementation.srcs/sources_1/new/aes_encryption_rounds.vhd:65]
INFO: [Synth 8-3491] module 'aes_encryption_sbox' declared at 'D:/vivado_projects/aes_encryption_implementation/aes_encryption_implementation.srcs/sources_1/imports/Downloads/aes_encryption_sbox.vhd:17' bound to instance 's_box_inst' of component 'aes_encryption_sbox' [D:/vivado_projects/aes_encryption_implementation/aes_encryption_implementation.srcs/sources_1/new/aes_encryption_rounds.vhd:65]
INFO: [Synth 8-3491] module 'aes_encryption_sbox' declared at 'D:/vivado_projects/aes_encryption_implementation/aes_encryption_implementation.srcs/sources_1/imports/Downloads/aes_encryption_sbox.vhd:17' bound to instance 's_box_inst' of component 'aes_encryption_sbox' [D:/vivado_projects/aes_encryption_implementation/aes_encryption_implementation.srcs/sources_1/new/aes_encryption_rounds.vhd:65]
INFO: [Synth 8-3491] module 'aes_encryption_sbox' declared at 'D:/vivado_projects/aes_encryption_implementation/aes_encryption_implementation.srcs/sources_1/imports/Downloads/aes_encryption_sbox.vhd:17' bound to instance 's_box_inst' of component 'aes_encryption_sbox' [D:/vivado_projects/aes_encryption_implementation/aes_encryption_implementation.srcs/sources_1/new/aes_encryption_rounds.vhd:65]
INFO: [Synth 8-3491] module 'aes_encryption_ShiftRows' declared at 'D:/vivado_projects/aes_encryption_implementation/aes_encryption_implementation.srcs/sources_1/new/aes_encryption_ShiftRows.vhd:19' bound to instance 'shiftRows_process' of component 'aes_encryption_ShiftRows' [D:/vivado_projects/aes_encryption_implementation/aes_encryption_implementation.srcs/sources_1/new/aes_encryption_rounds.vhd:69]
INFO: [Synth 8-638] synthesizing module 'aes_encryption_ShiftRows' [D:/vivado_projects/aes_encryption_implementation/aes_encryption_implementation.srcs/sources_1/new/aes_encryption_ShiftRows.vhd:26]
INFO: [Synth 8-256] done synthesizing module 'aes_encryption_ShiftRows' (5#1) [D:/vivado_projects/aes_encryption_implementation/aes_encryption_implementation.srcs/sources_1/new/aes_encryption_ShiftRows.vhd:26]
INFO: [Synth 8-3491] module 'aes_encryption_mixColumns' declared at 'D:/vivado_projects/aes_encryption_implementation/aes_encryption_implementation.srcs/sources_1/new/aes_encryption_mixColumns.vhd:16' bound to instance 'mixColumns_process' of component 'aes_encryption_mixColumns' [D:/vivado_projects/aes_encryption_implementation/aes_encryption_implementation.srcs/sources_1/new/aes_encryption_rounds.vhd:74]
INFO: [Synth 8-638] synthesizing module 'aes_encryption_mixColumns' [D:/vivado_projects/aes_encryption_implementation/aes_encryption_implementation.srcs/sources_1/new/aes_encryption_mixColumns.vhd:23]
INFO: [Synth 8-3491] module 'mult_by_2' declared at 'D:/vivado_projects/aes_encryption_implementation/aes_encryption_implementation.srcs/sources_1/new/mult_by_2.vhd:24' bound to instance 'mult_by_2_1' of component 'mult_by_2' [D:/vivado_projects/aes_encryption_implementation/aes_encryption_implementation.srcs/sources_1/new/aes_encryption_mixColumns.vhd:44]
INFO: [Synth 8-638] synthesizing module 'mult_by_2' [D:/vivado_projects/aes_encryption_implementation/aes_encryption_implementation.srcs/sources_1/new/mult_by_2.vhd:31]
INFO: [Synth 8-256] done synthesizing module 'mult_by_2' (6#1) [D:/vivado_projects/aes_encryption_implementation/aes_encryption_implementation.srcs/sources_1/new/mult_by_2.vhd:31]
INFO: [Synth 8-3491] module 'mult_by_3' declared at 'D:/vivado_projects/aes_encryption_implementation/aes_encryption_implementation.srcs/sources_1/new/mult_by_3.vhd:16' bound to instance 'mult_by_3_1' of component 'mult_by_3' [D:/vivado_projects/aes_encryption_implementation/aes_encryption_implementation.srcs/sources_1/new/aes_encryption_mixColumns.vhd:49]
INFO: [Synth 8-638] synthesizing module 'mult_by_3' [D:/vivado_projects/aes_encryption_implementation/aes_encryption_implementation.srcs/sources_1/new/mult_by_3.vhd:23]
INFO: [Synth 8-256] done synthesizing module 'mult_by_3' (7#1) [D:/vivado_projects/aes_encryption_implementation/aes_encryption_implementation.srcs/sources_1/new/mult_by_3.vhd:23]
INFO: [Synth 8-256] done synthesizing module 'aes_encryption_mixColumns' (8#1) [D:/vivado_projects/aes_encryption_implementation/aes_encryption_implementation.srcs/sources_1/new/aes_encryption_mixColumns.vhd:23]
INFO: [Synth 8-3491] module 'aes_encryption_key_addition' declared at 'D:/vivado_projects/aes_encryption_implementation/aes_encryption_implementation.srcs/sources_1/new/aes_encryption_key_addition.vhd:16' bound to instance 'addRoundKey_process' of component 'aes_encryption_key_addition' [D:/vivado_projects/aes_encryption_implementation/aes_encryption_implementation.srcs/sources_1/new/aes_encryption_rounds.vhd:79]
INFO: [Synth 8-256] done synthesizing module 'aes_encryption_round' (9#1) [D:/vivado_projects/aes_encryption_implementation/aes_encryption_implementation.srcs/sources_1/new/aes_encryption_rounds.vhd:24]
INFO: [Synth 8-3491] module 'aes_encryption_last_round' declared at 'D:/vivado_projects/aes_encryption_implementation/aes_encryption_implementation.srcs/sources_1/new/aes_encryption_last_round.vhd:14' bound to instance 'aes_last_round_1' of component 'aes_encryption_last_round' [D:/vivado_projects/aes_encryption_implementation/aes_encryption_implementation.srcs/sources_1/new/aes_encryption_implementation.vhd:89]
INFO: [Synth 8-638] synthesizing module 'aes_encryption_last_round' [D:/vivado_projects/aes_encryption_implementation/aes_encryption_implementation.srcs/sources_1/new/aes_encryption_last_round.vhd:22]
INFO: [Synth 8-3491] module 'aes_encryption_sbox' declared at 'D:/vivado_projects/aes_encryption_implementation/aes_encryption_implementation.srcs/sources_1/imports/Downloads/aes_encryption_sbox.vhd:17' bound to instance 's_box_inst' of component 'aes_encryption_sbox' [D:/vivado_projects/aes_encryption_implementation/aes_encryption_implementation.srcs/sources_1/new/aes_encryption_last_round.vhd:56]
INFO: [Synth 8-3491] module 'aes_encryption_sbox' declared at 'D:/vivado_projects/aes_encryption_implementation/aes_encryption_implementation.srcs/sources_1/imports/Downloads/aes_encryption_sbox.vhd:17' bound to instance 's_box_inst' of component 'aes_encryption_sbox' [D:/vivado_projects/aes_encryption_implementation/aes_encryption_implementation.srcs/sources_1/new/aes_encryption_last_round.vhd:56]
INFO: [Synth 8-3491] module 'aes_encryption_sbox' declared at 'D:/vivado_projects/aes_encryption_implementation/aes_encryption_implementation.srcs/sources_1/imports/Downloads/aes_encryption_sbox.vhd:17' bound to instance 's_box_inst' of component 'aes_encryption_sbox' [D:/vivado_projects/aes_encryption_implementation/aes_encryption_implementation.srcs/sources_1/new/aes_encryption_last_round.vhd:56]
INFO: [Synth 8-3491] module 'aes_encryption_sbox' declared at 'D:/vivado_projects/aes_encryption_implementation/aes_encryption_implementation.srcs/sources_1/imports/Downloads/aes_encryption_sbox.vhd:17' bound to instance 's_box_inst' of component 'aes_encryption_sbox' [D:/vivado_projects/aes_encryption_implementation/aes_encryption_implementation.srcs/sources_1/new/aes_encryption_last_round.vhd:56]
INFO: [Synth 8-3491] module 'aes_encryption_sbox' declared at 'D:/vivado_projects/aes_encryption_implementation/aes_encryption_implementation.srcs/sources_1/imports/Downloads/aes_encryption_sbox.vhd:17' bound to instance 's_box_inst' of component 'aes_encryption_sbox' [D:/vivado_projects/aes_encryption_implementation/aes_encryption_implementation.srcs/sources_1/new/aes_encryption_last_round.vhd:56]
INFO: [Synth 8-3491] module 'aes_encryption_sbox' declared at 'D:/vivado_projects/aes_encryption_implementation/aes_encryption_implementation.srcs/sources_1/imports/Downloads/aes_encryption_sbox.vhd:17' bound to instance 's_box_inst' of component 'aes_encryption_sbox' [D:/vivado_projects/aes_encryption_implementation/aes_encryption_implementation.srcs/sources_1/new/aes_encryption_last_round.vhd:56]
INFO: [Synth 8-3491] module 'aes_encryption_sbox' declared at 'D:/vivado_projects/aes_encryption_implementation/aes_encryption_implementation.srcs/sources_1/imports/Downloads/aes_encryption_sbox.vhd:17' bound to instance 's_box_inst' of component 'aes_encryption_sbox' [D:/vivado_projects/aes_encryption_implementation/aes_encryption_implementation.srcs/sources_1/new/aes_encryption_last_round.vhd:56]
INFO: [Synth 8-3491] module 'aes_encryption_sbox' declared at 'D:/vivado_projects/aes_encryption_implementation/aes_encryption_implementation.srcs/sources_1/imports/Downloads/aes_encryption_sbox.vhd:17' bound to instance 's_box_inst' of component 'aes_encryption_sbox' [D:/vivado_projects/aes_encryption_implementation/aes_encryption_implementation.srcs/sources_1/new/aes_encryption_last_round.vhd:56]
INFO: [Synth 8-3491] module 'aes_encryption_sbox' declared at 'D:/vivado_projects/aes_encryption_implementation/aes_encryption_implementation.srcs/sources_1/imports/Downloads/aes_encryption_sbox.vhd:17' bound to instance 's_box_inst' of component 'aes_encryption_sbox' [D:/vivado_projects/aes_encryption_implementation/aes_encryption_implementation.srcs/sources_1/new/aes_encryption_last_round.vhd:56]
INFO: [Synth 8-3491] module 'aes_encryption_sbox' declared at 'D:/vivado_projects/aes_encryption_implementation/aes_encryption_implementation.srcs/sources_1/imports/Downloads/aes_encryption_sbox.vhd:17' bound to instance 's_box_inst' of component 'aes_encryption_sbox' [D:/vivado_projects/aes_encryption_implementation/aes_encryption_implementation.srcs/sources_1/new/aes_encryption_last_round.vhd:56]
INFO: [Synth 8-3491] module 'aes_encryption_sbox' declared at 'D:/vivado_projects/aes_encryption_implementation/aes_encryption_implementation.srcs/sources_1/imports/Downloads/aes_encryption_sbox.vhd:17' bound to instance 's_box_inst' of component 'aes_encryption_sbox' [D:/vivado_projects/aes_encryption_implementation/aes_encryption_implementation.srcs/sources_1/new/aes_encryption_last_round.vhd:56]
INFO: [Synth 8-3491] module 'aes_encryption_sbox' declared at 'D:/vivado_projects/aes_encryption_implementation/aes_encryption_implementation.srcs/sources_1/imports/Downloads/aes_encryption_sbox.vhd:17' bound to instance 's_box_inst' of component 'aes_encryption_sbox' [D:/vivado_projects/aes_encryption_implementation/aes_encryption_implementation.srcs/sources_1/new/aes_encryption_last_round.vhd:56]
INFO: [Synth 8-3491] module 'aes_encryption_sbox' declared at 'D:/vivado_projects/aes_encryption_implementation/aes_encryption_implementation.srcs/sources_1/imports/Downloads/aes_encryption_sbox.vhd:17' bound to instance 's_box_inst' of component 'aes_encryption_sbox' [D:/vivado_projects/aes_encryption_implementation/aes_encryption_implementation.srcs/sources_1/new/aes_encryption_last_round.vhd:56]
INFO: [Synth 8-3491] module 'aes_encryption_sbox' declared at 'D:/vivado_projects/aes_encryption_implementation/aes_encryption_implementation.srcs/sources_1/imports/Downloads/aes_encryption_sbox.vhd:17' bound to instance 's_box_inst' of component 'aes_encryption_sbox' [D:/vivado_projects/aes_encryption_implementation/aes_encryption_implementation.srcs/sources_1/new/aes_encryption_last_round.vhd:56]
INFO: [Synth 8-3491] module 'aes_encryption_sbox' declared at 'D:/vivado_projects/aes_encryption_implementation/aes_encryption_implementation.srcs/sources_1/imports/Downloads/aes_encryption_sbox.vhd:17' bound to instance 's_box_inst' of component 'aes_encryption_sbox' [D:/vivado_projects/aes_encryption_implementation/aes_encryption_implementation.srcs/sources_1/new/aes_encryption_last_round.vhd:56]
INFO: [Synth 8-3491] module 'aes_encryption_sbox' declared at 'D:/vivado_projects/aes_encryption_implementation/aes_encryption_implementation.srcs/sources_1/imports/Downloads/aes_encryption_sbox.vhd:17' bound to instance 's_box_inst' of component 'aes_encryption_sbox' [D:/vivado_projects/aes_encryption_implementation/aes_encryption_implementation.srcs/sources_1/new/aes_encryption_last_round.vhd:56]
INFO: [Synth 8-3491] module 'aes_encryption_ShiftRows' declared at 'D:/vivado_projects/aes_encryption_implementation/aes_encryption_implementation.srcs/sources_1/new/aes_encryption_ShiftRows.vhd:19' bound to instance 'shiftRows_process' of component 'aes_encryption_ShiftRows' [D:/vivado_projects/aes_encryption_implementation/aes_encryption_implementation.srcs/sources_1/new/aes_encryption_last_round.vhd:60]
INFO: [Synth 8-3491] module 'aes_encryption_key_addition' declared at 'D:/vivado_projects/aes_encryption_implementation/aes_encryption_implementation.srcs/sources_1/new/aes_encryption_key_addition.vhd:16' bound to instance 'addRoundKey_process' of component 'aes_encryption_key_addition' [D:/vivado_projects/aes_encryption_implementation/aes_encryption_implementation.srcs/sources_1/new/aes_encryption_last_round.vhd:65]
INFO: [Synth 8-256] done synthesizing module 'aes_encryption_last_round' (10#1) [D:/vivado_projects/aes_encryption_implementation/aes_encryption_implementation.srcs/sources_1/new/aes_encryption_last_round.vhd:22]
INFO: [Synth 8-256] done synthesizing module 'aes_encryption_implementation' (11#1) [D:/vivado_projects/aes_encryption_implementation/aes_encryption_implementation.srcs/sources_1/new/aes_encryption_implementation.vhd:27]
INFO: [Synth 8-256] done synthesizing module 'aes_encryption_implementation_top' (12#1) [D:/vivado_projects/aes_encryption_implementation/aes_encryption_implementation.srcs/sources_1/new/aes_encryption_implementation_top.vhd:24]
WARNING: [Synth 8-3331] design g_function has unconnected port i_rcon_sel[31]
WARNING: [Synth 8-3331] design g_function has unconnected port i_rcon_sel[30]
WARNING: [Synth 8-3331] design g_function has unconnected port i_rcon_sel[29]
WARNING: [Synth 8-3331] design g_function has unconnected port i_rcon_sel[28]
WARNING: [Synth 8-3331] design g_function has unconnected port i_rcon_sel[27]
WARNING: [Synth 8-3331] design g_function has unconnected port i_rcon_sel[26]
WARNING: [Synth 8-3331] design g_function has unconnected port i_rcon_sel[25]
WARNING: [Synth 8-3331] design g_function has unconnected port i_rcon_sel[24]
WARNING: [Synth 8-3331] design g_function has unconnected port i_rcon_sel[23]
WARNING: [Synth 8-3331] design g_function has unconnected port i_rcon_sel[22]
WARNING: [Synth 8-3331] design g_function has unconnected port i_rcon_sel[21]
WARNING: [Synth 8-3331] design g_function has unconnected port i_rcon_sel[20]
WARNING: [Synth 8-3331] design g_function has unconnected port i_rcon_sel[19]
WARNING: [Synth 8-3331] design g_function has unconnected port i_rcon_sel[18]
WARNING: [Synth 8-3331] design g_function has unconnected port i_rcon_sel[17]
WARNING: [Synth 8-3331] design g_function has unconnected port i_rcon_sel[16]
WARNING: [Synth 8-3331] design g_function has unconnected port i_rcon_sel[15]
WARNING: [Synth 8-3331] design g_function has unconnected port i_rcon_sel[14]
WARNING: [Synth 8-3331] design g_function has unconnected port i_rcon_sel[13]
WARNING: [Synth 8-3331] design g_function has unconnected port i_rcon_sel[12]
WARNING: [Synth 8-3331] design g_function has unconnected port i_rcon_sel[11]
WARNING: [Synth 8-3331] design g_function has unconnected port i_rcon_sel[10]
WARNING: [Synth 8-3331] design g_function has unconnected port i_rcon_sel[9]
WARNING: [Synth 8-3331] design g_function has unconnected port i_rcon_sel[8]
WARNING: [Synth 8-3331] design g_function has unconnected port i_rcon_sel[7]
WARNING: [Synth 8-3331] design g_function has unconnected port i_rcon_sel[6]
WARNING: [Synth 8-3331] design g_function has unconnected port i_rcon_sel[5]
WARNING: [Synth 8-3331] design g_function has unconnected port i_rcon_sel[4]
---------------------------------------------------------------------------------
Finished RTL Elaboration : Time (s): cpu = 00:00:05 ; elapsed = 00:00:07 . Memory (MB): peak = 413.859 ; gain = 159.141
---------------------------------------------------------------------------------

Report Check Netlist: 
+------+------------------+-------+---------+-------+------------------+
|      |Item              |Errors |Warnings |Status |Description       |
+------+------------------+-------+---------+-------+------------------+
|1     |multi_driven_nets |      0|        0|Passed |Multi driven nets |
+------+------------------+-------+---------+-------+------------------+
---------------------------------------------------------------------------------
Start Handling Custom Attributes
---------------------------------------------------------------------------------
---------------------------------------------------------------------------------
Finished Handling Custom Attributes : Time (s): cpu = 00:00:06 ; elapsed = 00:00:07 . Memory (MB): peak = 413.859 ; gain = 159.141
---------------------------------------------------------------------------------
---------------------------------------------------------------------------------
Finished RTL Optimization Phase 1 : Time (s): cpu = 00:00:06 ; elapsed = 00:00:07 . Memory (MB): peak = 413.859 ; gain = 159.141
---------------------------------------------------------------------------------
INFO: [Device 21-403] Loading part xc7z020clg400-1
INFO: [Project 1-570] Preparing netlist for logic optimization

Processing XDC Constraints
Initializing timing engine
Parsing XDC File [D:/vivado_projects/aes_encryption_implementation/aes_encryption_implementation.srcs/constrs_1/new/aes_encryption_implementation.xdc]
Finished Parsing XDC File [D:/vivado_projects/aes_encryption_implementation/aes_encryption_implementation.srcs/constrs_1/new/aes_encryption_implementation.xdc]
Completed Processing XDC Constraints

INFO: [Project 1-111] Unisim Transformation Summary:
No Unisim elements were transformed.

Constraint Validation Runtime : Time (s): cpu = 00:00:00 ; elapsed = 00:00:00.010 . Memory (MB): peak = 791.082 ; gain = 0.000
---------------------------------------------------------------------------------
Finished Constraint Validation : Time (s): cpu = 00:00:17 ; elapsed = 00:00:21 . Memory (MB): peak = 791.082 ; gain = 536.363
---------------------------------------------------------------------------------
---------------------------------------------------------------------------------
Start Loading Part and Timing Information
---------------------------------------------------------------------------------
Loading part: xc7z020clg400-1
---------------------------------------------------------------------------------
Finished Loading Part and Timing Information : Time (s): cpu = 00:00:17 ; elapsed = 00:00:21 . Memory (MB): peak = 791.082 ; gain = 536.363
---------------------------------------------------------------------------------
---------------------------------------------------------------------------------
Start Applying 'set_property' XDC Constraints
---------------------------------------------------------------------------------
---------------------------------------------------------------------------------
Finished applying 'set_property' XDC Constraints : Time (s): cpu = 00:00:18 ; elapsed = 00:00:21 . Memory (MB): peak = 791.082 ; gain = 536.363
---------------------------------------------------------------------------------
INFO: [Synth 8-802] inferred FSM for state register 'current_round_reg' in module 'aes_encryption_implementation'
INFO: [Synth 8-5544] ROM "o_valid" won't be mapped to Block RAM because address size (4) smaller than threshold (5)
INFO: [Synth 8-5544] ROM "current_state[0][0]" won't be mapped to Block RAM because address size (4) smaller than threshold (5)
INFO: [Synth 8-5544] ROM "current_key[0][0]" won't be mapped to Block RAM because address size (4) smaller than threshold (5)
INFO: [Synth 8-5544] ROM "final_state_input[0][0]" won't be mapped to Block RAM because address size (4) smaller than threshold (5)
INFO: [Synth 8-5544] ROM "current_round" won't be mapped to Block RAM because address size (4) smaller than threshold (5)
INFO: [Synth 8-4471] merging register 'i_key_reg[2][2][7:0]' into 'i_key_reg[0][2][7:0]' [D:/vivado_projects/aes_encryption_implementation/aes_encryption_implementation.srcs/sources_1/new/aes_encryption_implementation_top.vhd:54]
INFO: [Synth 8-4471] merging register 'i_state_reg[1][0][7:0]' into 'i_key_reg[2][3][7:0]' [D:/vivado_projects/aes_encryption_implementation/aes_encryption_implementation.srcs/sources_1/new/aes_encryption_implementation_top.vhd:55]
INFO: [Synth 8-4471] merging register 'i_state_reg[2][1][7:0]' into 'i_state_reg[2][0][7:0]' [D:/vivado_projects/aes_encryption_implementation/aes_encryption_implementation.srcs/sources_1/new/aes_encryption_implementation_top.vhd:55]
WARNING: [Synth 8-6014] Unused sequential element i_key_reg[2][2] was removed.  [D:/vivado_projects/aes_encryption_implementation/aes_encryption_implementation.srcs/sources_1/new/aes_encryption_implementation_top.vhd:54]
WARNING: [Synth 8-6014] Unused sequential element i_state_reg[1][0] was removed.  [D:/vivado_projects/aes_encryption_implementation/aes_encryption_implementation.srcs/sources_1/new/aes_encryption_implementation_top.vhd:55]
WARNING: [Synth 8-6014] Unused sequential element i_state_reg[2][1] was removed.  [D:/vivado_projects/aes_encryption_implementation/aes_encryption_implementation.srcs/sources_1/new/aes_encryption_implementation_top.vhd:55]
INFO: [Synth 8-802] inferred FSM for state register 'current_state_reg' in module 'aes_encryption_implementation_top'
INFO: [Synth 8-5544] ROM "current_state" won't be mapped to Block RAM because address size (1) smaller than threshold (5)
INFO: [Synth 8-5544] ROM "current_state" won't be mapped to Block RAM because address size (1) smaller than threshold (5)
---------------------------------------------------------------------------------------------------
                   State |                     New Encoding |                Previous Encoding 
---------------------------------------------------------------------------------------------------
                  round0 |                             0000 |                             0000
                  round1 |                             0001 |                             0001
                  round2 |                             0010 |                             0010
                  round3 |                             0011 |                             0011
                  round4 |                             0100 |                             0100
                  round5 |                             0101 |                             0101
                  round6 |                             0110 |                             0110
                  round7 |                             0111 |                             0111
                  round8 |                             1000 |                             1000
                  round9 |                             1001 |                             1001
                 round10 |                             1010 |                             1010
---------------------------------------------------------------------------------------------------
INFO: [Synth 8-3354] encoded FSM with state register 'current_round_reg' using encoding 'sequential' in module 'aes_encryption_implementation'
---------------------------------------------------------------------------------------------------
                   State |                     New Encoding |                Previous Encoding 
---------------------------------------------------------------------------------------------------
              state_idle |                               00 |                               00
             state_reset |                               01 |                               01
              state_wait |                               10 |                               10
---------------------------------------------------------------------------------------------------
INFO: [Synth 8-3354] encoded FSM with state register 'current_state_reg' using encoding 'sequential' in module 'aes_encryption_implementation_top'
---------------------------------------------------------------------------------
Finished RTL Optimization Phase 2 : Time (s): cpu = 00:00:19 ; elapsed = 00:00:23 . Memory (MB): peak = 791.082 ; gain = 536.363
---------------------------------------------------------------------------------

Report RTL Partitions: 
+------+---------------------------------------+------------+----------+
|      |RTL Partition                          |Replication |Instances |
+------+---------------------------------------+------------+----------+
|1     |g_function                             |          10|      8273|
|2     |aes_encryption_key_schedule__GC0       |           1|       960|
|3     |aes_encryption_last_round              |           1|     32768|
|4     |aes_encryption_implementation__GCB1    |           1|      2797|
|5     |aes_encryption_implementation__GCB2    |           1|     33846|
|6     |aes_encryption_implementation_top__GC0 |           1|       250|
+------+---------------------------------------+------------+----------+
---------------------------------------------------------------------------------
Start RTL Component Statistics 
---------------------------------------------------------------------------------
Detailed RTL Component Info : 
+---XORs : 
	   3 Input      8 Bit         XORs := 10    
	   2 Input      8 Bit         XORs := 246   
	   4 Input      8 Bit         XORs := 16    
+---Registers : 
	                8 Bit    Registers := 77    
	                1 Bit    Registers := 3     
+---Muxes : 
	  11 Input      8 Bit        Muxes := 32    
	   2 Input      8 Bit        Muxes := 32    
	  11 Input      4 Bit        Muxes := 1     
	   3 Input      2 Bit        Muxes := 1     
	   2 Input      2 Bit        Muxes := 3     
	  11 Input      1 Bit        Muxes := 5     
	   3 Input      1 Bit        Muxes := 4     
---------------------------------------------------------------------------------
Finished RTL Component Statistics 
---------------------------------------------------------------------------------
---------------------------------------------------------------------------------
Start RTL Hierarchical Component Statistics 
---------------------------------------------------------------------------------
Hierarchical RTL Component report 
Module aes_encryption_implementation_top 
Detailed RTL Component Info : 
+---Registers : 
	                8 Bit    Registers := 29    
	                1 Bit    Registers := 2     
+---Muxes : 
	   3 Input      2 Bit        Muxes := 1     
	   2 Input      2 Bit        Muxes := 3     
	   3 Input      1 Bit        Muxes := 4     
Module g_function 
Detailed RTL Component Info : 
+---XORs : 
	   3 Input      8 Bit         XORs := 1     
	   2 Input      8 Bit         XORs := 3     
Module aes_encryption_key_schedule 
Detailed RTL Component Info : 
+---XORs : 
	   2 Input      8 Bit         XORs := 120   
Module aes_encryption_key_addition__1 
Detailed RTL Component Info : 
+---XORs : 
	   2 Input      8 Bit         XORs := 16    
Module aes_encryption_key_addition__2 
Detailed RTL Component Info : 
+---XORs : 
	   2 Input      8 Bit         XORs := 16    
Module mult_by_2 
Detailed RTL Component Info : 
+---XORs : 
	   2 Input      8 Bit         XORs := 16    
+---Muxes : 
	   2 Input      8 Bit        Muxes := 16    
Module mult_by_3 
Detailed RTL Component Info : 
+---XORs : 
	   2 Input      8 Bit         XORs := 32    
+---Muxes : 
	   2 Input      8 Bit        Muxes := 16    
Module aes_encryption_mixColumns 
Detailed RTL Component Info : 
+---XORs : 
	   4 Input      8 Bit         XORs := 16    
Module aes_encryption_key_addition 
Detailed RTL Component Info : 
+---XORs : 
	   2 Input      8 Bit         XORs := 16    
Module aes_encryption_implementation 
Detailed RTL Component Info : 
+---Registers : 
	                8 Bit    Registers := 48    
	                1 Bit    Registers := 1     
+---Muxes : 
	  11 Input      8 Bit        Muxes := 32    
	  11 Input      4 Bit        Muxes := 1     
	  11 Input      1 Bit        Muxes := 5     
---------------------------------------------------------------------------------
Finished RTL Hierarchical Component Statistics
---------------------------------------------------------------------------------
---------------------------------------------------------------------------------
Start Part Resource Summary
---------------------------------------------------------------------------------
Part Resources:
DSPs: 220 (col length:60)
BRAMs: 280 (col length: RAMB18 60 RAMB36 30)
---------------------------------------------------------------------------------
Finished Part Resource Summary
---------------------------------------------------------------------------------
---------------------------------------------------------------------------------
Start Cross Boundary and Area Optimization
---------------------------------------------------------------------------------
Warning: Parallel synthesis criteria is not met 
INFO: [Synth 8-3886] merging instance 'i_0/i_state_reg[3][3][0]' (FDE) to 'i_0/i_state_reg[3][3][1]'
INFO: [Synth 8-3886] merging instance 'i_0/i_state_reg[3][3][1]' (FDE) to 'i_0/i_state_reg[3][3][3]'
INFO: [Synth 8-3886] merging instance 'i_0/i_state_reg[3][3][2]' (FDE) to 'i_0/i_state_reg[3][3][4]'
INFO: [Synth 8-3886] merging instance 'i_0/i_state_reg[3][3][3]' (FDE) to 'i_0/i_state_reg[3][3][6]'
INFO: [Synth 8-3886] merging instance 'i_0/i_state_reg[3][3][4]' (FDE) to 'i_0/i_state_reg[3][3][5]'
INFO: [Synth 8-3886] merging instance 'i_0/i_state_reg[3][3][5]' (FDE) to 'i_0/i_state_reg[3][2][0]'
INFO: [Synth 8-3886] merging instance 'i_0/i_state_reg[3][3][6]' (FDE) to 'i_0/i_state_reg[3][3][7]'
INFO: [Synth 8-3886] merging instance 'i_0/i_state_reg[3][3][7]' (FDE) to 'i_0/i_state_reg[3][2][3]'
INFO: [Synth 8-3886] merging instance 'i_0/i_state_reg[3][2][0]' (FDE) to 'i_0/i_state_reg[3][2][1]'
INFO: [Synth 8-3886] merging instance 'i_0/i_state_reg[3][2][1]' (FDE) to 'i_0/i_state_reg[3][2][2]'
INFO: [Synth 8-3886] merging instance 'i_0/i_state_reg[3][2][2]' (FDE) to 'i_0/i_state_reg[3][1][0]'
INFO: [Synth 8-3886] merging instance 'i_0/i_state_reg[3][2][3]' (FDE) to 'i_0/i_state_reg[3][2][4]'
INFO: [Synth 8-3886] merging instance 'i_0/i_state_reg[3][2][4]' (FDE) to 'i_0/i_state_reg[3][2][5]'
INFO: [Synth 8-3886] merging instance 'i_0/i_state_reg[3][2][5]' (FDE) to 'i_0/i_state_reg[3][2][6]'
INFO: [Synth 8-3886] merging instance 'i_0/i_state_reg[3][2][6]' (FDE) to 'i_0/i_state_reg[3][2][7]'
INFO: [Synth 8-3886] merging instance 'i_0/i_state_reg[3][2][7]' (FDE) to 'i_0/i_state_reg[3][1][3]'
INFO: [Synth 8-3886] merging instance 'i_0/i_state_reg[3][1][0]' (FDE) to 'i_0/i_state_reg[3][1][1]'
INFO: [Synth 8-3886] merging instance 'i_0/i_state_reg[3][1][1]' (FDE) to 'i_0/i_state_reg[3][1][2]'
INFO: [Synth 8-3886] merging instance 'i_0/i_state_reg[3][1][2]' (FDE) to 'i_0/i_state_reg[3][1][4]'
INFO: [Synth 8-3886] merging instance 'i_0/i_state_reg[3][1][3]' (FDE) to 'i_0/i_state_reg[3][1][6]'
INFO: [Synth 8-3886] merging instance 'i_0/i_state_reg[3][1][4]' (FDE) to 'i_0/i_state_reg[3][1][5]'
INFO: [Synth 8-3886] merging instance 'i_0/i_state_reg[3][1][5]' (FDE) to 'i_0/i_state_reg[3][0][5]'
INFO: [Synth 8-3886] merging instance 'i_0/i_state_reg[3][1][6]' (FDE) to 'i_0/i_state_reg[3][1][7]'
INFO: [Synth 8-3886] merging instance 'i_0/i_state_reg[3][1][7]' (FDE) to 'i_0/i_state_reg[3][0][0]'
INFO: [Synth 8-3886] merging instance 'i_0/i_state_reg[3][0][0]' (FDE) to 'i_0/i_state_reg[3][0][1]'
INFO: [Synth 8-3886] merging instance 'i_0/i_state_reg[3][0][1]' (FDE) to 'i_0/i_state_reg[3][0][2]'
INFO: [Synth 8-3886] merging instance 'i_0/i_state_reg[3][0][2]' (FDE) to 'i_0/i_state_reg[3][0][3]'
INFO: [Synth 8-3886] merging instance 'i_0/i_state_reg[3][0][3]' (FDE) to 'i_0/i_state_reg[3][0][4]'
INFO: [Synth 8-3886] merging instance 'i_0/i_state_reg[3][0][4]' (FDE) to 'i_0/i_state_reg[2][3][0]'
INFO: [Synth 8-3886] merging instance 'i_0/i_state_reg[3][0][5]' (FDE) to 'i_0/i_state_reg[3][0][6]'
INFO: [Synth 8-3886] merging instance 'i_0/i_state_reg[3][0][6]' (FDE) to 'i_0/i_state_reg[3][0][7]'
INFO: [Synth 8-3886] merging instance 'i_0/i_state_reg[3][0][7]' (FDE) to 'i_0/i_state_reg[2][3][1]'
INFO: [Synth 8-3886] merging instance 'i_0/i_state_reg[2][3][0]' (FDE) to 'i_0/i_state_reg[2][3][2]'
INFO: [Synth 8-3886] merging instance 'i_0/i_state_reg[2][3][1]' (FDE) to 'i_0/i_state_reg[2][3][5]'
INFO: [Synth 8-3886] merging instance 'i_0/i_state_reg[2][3][2]' (FDE) to 'i_0/i_state_reg[2][3][3]'
INFO: [Synth 8-3886] merging instance 'i_0/i_state_reg[2][3][3]' (FDE) to 'i_0/i_state_reg[2][3][4]'
INFO: [Synth 8-3886] merging instance 'i_0/i_state_reg[2][3][4]' (FDE) to 'i_0/i_state_reg[2][3][6]'
INFO: [Synth 8-3886] merging instance 'i_0/i_state_reg[2][3][5]' (FDE) to 'i_0/i_state_reg[2][3][7]'
INFO: [Synth 8-3886] merging instance 'i_0/i_state_reg[2][3][6]' (FDE) to 'i_0/i_state_reg[2][2][0]'
INFO: [Synth 8-3886] merging instance 'i_0/i_state_reg[2][3][7]' (FDE) to 'i_0/i_state_reg[2][2][3]'
INFO: [Synth 8-3886] merging instance 'i_0/i_state_reg[2][2][0]' (FDE) to 'i_0/i_state_reg[2][2][1]'
INFO: [Synth 8-3886] merging instance 'i_0/i_state_reg[2][2][1]' (FDE) to 'i_0/i_state_reg[2][2][2]'
INFO: [Synth 8-3886] merging instance 'i_0/i_state_reg[2][2][2]' (FDE) to 'i_0/i_state_reg[2][2][5]'
INFO: [Synth 8-3886] merging instance 'i_0/i_state_reg[2][2][3]' (FDE) to 'i_0/i_state_reg[2][2][4]'
INFO: [Synth 8-3886] merging instance 'i_0/i_state_reg[2][2][4]' (FDE) to 'i_0/i_state_reg[2][2][7]'
INFO: [Synth 8-3886] merging instance 'i_0/i_state_reg[2][2][5]' (FDE) to 'i_0/i_state_reg[2][2][6]'
INFO: [Synth 8-3886] merging instance 'i_0/i_state_reg[2][2][6]' (FDE) to 'i_0/i_state_reg[2][0][1]'
INFO: [Synth 8-3886] merging instance 'i_0/i_state_reg[2][2][7]' (FDE) to 'i_0/i_state_reg[2][0][0]'
INFO: [Synth 8-3886] merging instance 'i_0/i_state_reg[2][0][0]' (FDE) to 'i_0/i_state_reg[2][0][4]'
INFO: [Synth 8-3886] merging instance 'i_0/i_state_reg[2][0][1]' (FDE) to 'i_0/i_state_reg[2][0][2]'
INFO: [Synth 8-3886] merging instance 'i_0/i_state_reg[2][0][2]' (FDE) to 'i_0/i_state_reg[2][0][3]'
INFO: [Synth 8-3886] merging instance 'i_0/i_state_reg[2][0][3]' (FDE) to 'i_0/i_state_reg[2][0][6]'
INFO: [Synth 8-3886] merging instance 'i_0/i_state_reg[2][0][4]' (FDE) to 'i_0/i_state_reg[2][0][5]'
INFO: [Synth 8-3886] merging instance 'i_0/i_state_reg[2][0][5]' (FDE) to 'i_0/i_state_reg[1][3][0]'
INFO: [Synth 8-3886] merging instance 'i_0/i_state_reg[2][0][6]' (FDE) to 'i_0/i_state_reg[2][0][7]'
INFO: [Synth 8-3886] merging instance 'i_0/i_state_reg[2][0][7]' (FDE) to 'i_0/i_state_reg[1][3][1]'
INFO: [Synth 8-3886] merging instance 'i_0/i_state_reg[1][3][0]' (FDE) to 'i_0/i_state_reg[1][3][2]'
INFO: [Synth 8-3886] merging instance 'i_0/i_state_reg[1][3][1]' (FDE) to 'i_0/i_state_reg[1][3][4]'
INFO: [Synth 8-3886] merging instance 'i_0/i_state_reg[1][3][2]' (FDE) to 'i_0/i_state_reg[1][3][3]'
INFO: [Synth 8-3886] merging instance 'i_0/i_state_reg[1][3][3]' (FDE) to 'i_0/i_state_reg[1][3][7]'
INFO: [Synth 8-3886] merging instance 'i_0/i_state_reg[1][3][4]' (FDE) to 'i_0/i_state_reg[1][3][5]'
INFO: [Synth 8-3886] merging instance 'i_0/i_state_reg[1][3][5]' (FDE) to 'i_0/i_state_reg[1][3][6]'
INFO: [Synth 8-3886] merging instance 'i_0/i_state_reg[1][3][6]' (FDE) to 'i_0/i_state_reg[1][2][0]'
INFO: [Synth 8-3886] merging instance 'i_0/i_state_reg[1][3][7]' (FDE) to 'i_0/i_state_reg[1][2][4]'
INFO: [Synth 8-3886] merging instance 'i_0/i_state_reg[1][2][0]' (FDE) to 'i_0/i_state_reg[1][2][1]'
INFO: [Synth 8-3886] merging instance 'i_0/i_state_reg[1][2][1]' (FDE) to 'i_0/i_state_reg[1][2][2]'
INFO: [Synth 8-3886] merging instance 'i_0/i_state_reg[1][2][2]' (FDE) to 'i_0/i_state_reg[1][2][3]'
INFO: [Synth 8-3886] merging instance 'i_0/i_state_reg[1][2][3]' (FDE) to 'i_0/i_state_reg[1][2][6]'
INFO: [Synth 8-3886] merging instance 'i_0/i_state_reg[1][2][4]' (FDE) to 'i_0/i_state_reg[1][2][5]'
INFO: [Synth 8-3886] merging instance 'i_0/i_state_reg[1][2][5]' (FDE) to 'i_0/i_state_reg[1][1][1]'
INFO: [Synth 8-3886] merging instance 'i_0/i_state_reg[1][2][6]' (FDE) to 'i_0/i_state_reg[1][2][7]'
INFO: [Synth 8-3886] merging instance 'i_0/i_state_reg[1][2][7]' (FDE) to 'i_0/i_state_reg[1][1][0]'
INFO: [Synth 8-3886] merging instance 'i_0/i_state_reg[1][1][0]' (FDE) to 'i_0/i_state_reg[1][1][2]'
INFO: [Synth 8-3886] merging instance 'i_0/i_state_reg[1][1][1]' (FDE) to 'i_0/i_state_reg[1][1][3]'
INFO: [Synth 8-3886] merging instance 'i_0/i_state_reg[1][1][2]' (FDE) to 'i_0/i_state_reg[1][1][5]'
INFO: [Synth 8-3886] merging instance 'i_0/i_state_reg[1][1][3]' (FDE) to 'i_0/i_state_reg[1][1][4]'
INFO: [Synth 8-3886] merging instance 'i_0/i_state_reg[1][1][4]' (FDE) to 'i_0/i_state_reg[1][1][6]'
INFO: [Synth 8-3886] merging instance 'i_0/i_state_reg[1][1][5]' (FDE) to 'i_0/i_state_reg[1][1][7]'
INFO: [Synth 8-3886] merging instance 'i_0/i_state_reg[1][1][6]' (FDE) to 'i_0/i_state_reg[0][3][3]'
INFO: [Synth 8-3886] merging instance 'i_0/i_state_reg[1][1][7]' (FDE) to 'i_0/i_state_reg[0][3][0]'
INFO: [Synth 8-3886] merging instance 'i_0/i_state_reg[0][3][0]' (FDE) to 'i_0/i_state_reg[0][3][1]'
INFO: [Synth 8-3886] merging instance 'i_0/i_state_reg[0][3][1]' (FDE) to 'i_0/i_state_reg[0][3][2]'
INFO: [Synth 8-3886] merging instance 'i_0/i_state_reg[0][3][2]' (FDE) to 'i_0/i_state_reg[0][3][4]'
INFO: [Synth 8-3886] merging instance 'i_0/i_state_reg[0][3][3]' (FDE) to 'i_0/i_state_reg[0][3][5]'
INFO: [Synth 8-3886] merging instance 'i_0/i_state_reg[0][3][4]' (FDE) to 'i_0/i_state_reg[0][3][6]'
INFO: [Synth 8-3886] merging instance 'i_0/i_state_reg[0][3][5]' (FDE) to 'i_0/i_state_reg[0][3][7]'
INFO: [Synth 8-3886] merging instance 'i_0/i_state_reg[0][3][6]' (FDE) to 'i_0/i_state_reg[0][2][0]'
INFO: [Synth 8-3886] merging instance 'i_0/i_state_reg[0][3][7]' (FDE) to 'i_0/i_state_reg[0][2][1]'
INFO: [Synth 8-3886] merging instance 'i_0/i_state_reg[0][2][0]' (FDE) to 'i_0/i_state_reg[0][2][3]'
INFO: [Synth 8-3886] merging instance 'i_0/i_state_reg[0][2][1]' (FDE) to 'i_0/i_state_reg[0][2][2]'
INFO: [Synth 8-3886] merging instance 'i_0/i_state_reg[0][2][2]' (FDE) to 'i_0/i_state_reg[0][2][4]'
INFO: [Synth 8-3886] merging instance 'i_0/i_state_reg[0][2][3]' (FDE) to 'i_0/i_state_reg[0][1][2]'
INFO: [Synth 8-3886] merging instance 'i_0/i_state_reg[0][2][4]' (FDE) to 'i_0/i_state_reg[0][2][5]'
INFO: [Synth 8-3886] merging instance 'i_0/i_state_reg[0][2][5]' (FDE) to 'i_0/i_state_reg[0][2][6]'
INFO: [Synth 8-3886] merging instance 'i_0/i_state_reg[0][2][6]' (FDE) to 'i_0/i_state_reg[0][2][7]'
INFO: [Synth 8-3886] merging instance 'i_0/i_state_reg[0][2][7]' (FDE) to 'i_0/i_state_reg[0][1][0]'
INFO: [Synth 8-3886] merging instance 'i_0/i_state_reg[0][1][0]' (FDE) to 'i_0/i_state_reg[0][1][1]'
INFO: [Synth 8-3886] merging instance 'i_0/i_state_reg[0][1][1]' (FDE) to 'i_0/i_state_reg[0][1][6]'
INFO: [Synth 8-3886] merging instance 'i_0/i_state_reg[0][1][2]' (FDE) to 'i_0/i_state_reg[0][1][3]'
INFO: [Synth 8-3886] merging instance 'i_0/i_state_reg[0][1][3]' (FDE) to 'i_0/i_state_reg[0][1][4]'
INFO: [Common 17-14] Message 'Synth 8-3886' appears 100 times and further instances of the messages will be disabled. Use the Tcl command set_msg_config to change the current settings.
INFO: [Synth 8-3333] propagating constant 1 across sequential element (i_0/\i_key_reg[0][0][5] )
INFO: [Synth 8-3333] propagating constant 0 across sequential element (i_0/\i_key_reg[0][0][7] )
---------------------------------------------------------------------------------
Finished Cross Boundary and Area Optimization : Time (s): cpu = 00:00:48 ; elapsed = 00:00:56 . Memory (MB): peak = 791.082 ; gain = 536.363
---------------------------------------------------------------------------------

Report RTL Partitions: 
+------+---------------------------------------+------------+----------+
|      |RTL Partition                          |Replication |Instances |
+------+---------------------------------------+------------+----------+
|1     |aes_encryption_key_schedule__GC0       |           1|      1715|
|2     |aes_encryption_implementation__GCB1    |           1|      1583|
|3     |aes_encryption_implementation__GCB2    |           1|      7735|
|4     |aes_encryption_implementation_top__GC0 |           1|        15|
|5     |g_function__3                          |           1|      1657|
|6     |g_function__4                          |           1|      1657|
|7     |g_function__5                          |           1|      1657|
|8     |g_function__6                          |           1|      1657|
|9     |g_function__7                          |           1|      1657|
|10    |g_function__8                          |           1|      1660|
|11    |g_function__9                          |           1|      1660|
+------+---------------------------------------+------------+----------+
---------------------------------------------------------------------------------
Start Applying XDC Timing Constraints
---------------------------------------------------------------------------------
---------------------------------------------------------------------------------
Finished Applying XDC Timing Constraints : Time (s): cpu = 00:00:56 ; elapsed = 00:01:05 . Memory (MB): peak = 821.945 ; gain = 567.227
---------------------------------------------------------------------------------
---------------------------------------------------------------------------------
Start Timing Optimization
---------------------------------------------------------------------------------
---------------------------------------------------------------------------------
Finished Timing Optimization : Time (s): cpu = 00:01:00 ; elapsed = 00:01:09 . Memory (MB): peak = 848.738 ; gain = 594.020
---------------------------------------------------------------------------------

Report RTL Partitions: 
+------+---------------------------------------+------------+----------+
|      |RTL Partition                          |Replication |Instances |
+------+---------------------------------------+------------+----------+
|1     |aes_encryption_implementation_top__GC0 |           1|        15|
|2     |aes_encryption_implementation_top_GT0  |           1|      8655|
+------+---------------------------------------+------------+----------+
---------------------------------------------------------------------------------
Start Technology Mapping
---------------------------------------------------------------------------------
WARNING: [Synth 8-3332] Sequential element (aes_encryption_implemenation_1/current_key_reg[3][3][7]) is unused and will be removed from module aes_encryption_implementation_top.
WARNING: [Synth 8-3332] Sequential element (aes_encryption_implemenation_1/current_key_reg[3][3][6]) is unused and will be removed from module aes_encryption_implementation_top.
WARNING: [Synth 8-3332] Sequential element (aes_encryption_implemenation_1/current_key_reg[3][3][3]) is unused and will be removed from module aes_encryption_implementation_top.
WARNING: [Synth 8-3332] Sequential element (aes_encryption_implemenation_1/current_key_reg[3][3][4]) is unused and will be removed from module aes_encryption_implementation_top.
WARNING: [Synth 8-3332] Sequential element (aes_encryption_implemenation_1/current_key_reg[3][3][0]) is unused and will be removed from module aes_encryption_implementation_top.
WARNING: [Synth 8-3332] Sequential element (aes_encryption_implemenation_1/current_key_reg[3][3][5]) is unused and will be removed from module aes_encryption_implementation_top.
WARNING: [Synth 8-3332] Sequential element (aes_encryption_implemenation_1/current_key_reg[3][3][2]) is unused and will be removed from module aes_encryption_implementation_top.
WARNING: [Synth 8-3332] Sequential element (aes_encryption_implemenation_1/current_key_reg[3][3][1]) is unused and will be removed from module aes_encryption_implementation_top.
WARNING: [Synth 8-3332] Sequential element (aes_encryption_implemenation_1/current_key_reg[3][2][3]) is unused and will be removed from module aes_encryption_implementation_top.
WARNING: [Synth 8-3332] Sequential element (aes_encryption_implemenation_1/current_key_reg[3][2][2]) is unused and will be removed from module aes_encryption_implementation_top.
WARNING: [Synth 8-3332] Sequential element (aes_encryption_implemenation_1/current_key_reg[3][2][7]) is unused and will be removed from module aes_encryption_implementation_top.
WARNING: [Synth 8-3332] Sequential element (aes_encryption_implemenation_1/current_key_reg[3][2][6]) is unused and will be removed from module aes_encryption_implementation_top.
WARNING: [Synth 8-3332] Sequential element (aes_encryption_implemenation_1/current_key_reg[3][2][5]) is unused and will be removed from module aes_encryption_implementation_top.
WARNING: [Synth 8-3332] Sequential element (aes_encryption_implemenation_1/current_key_reg[3][2][4]) is unused and will be removed from module aes_encryption_implementation_top.
WARNING: [Synth 8-3332] Sequential element (aes_encryption_implemenation_1/current_key_reg[3][2][1]) is unused and will be removed from module aes_encryption_implementation_top.
WARNING: [Synth 8-3332] Sequential element (aes_encryption_implemenation_1/current_key_reg[3][2][0]) is unused and will be removed from module aes_encryption_implementation_top.
WARNING: [Synth 8-3332] Sequential element (aes_encryption_implemenation_1/final_state_input_reg[0][0][7]) is unused and will be removed from module aes_encryption_implementation_top.
WARNING: [Synth 8-3332] Sequential element (aes_encryption_implemenation_1/final_state_input_reg[0][0][6]) is unused and will be removed from module aes_encryption_implementation_top.
WARNING: [Synth 8-3332] Sequential element (aes_encryption_implemenation_1/final_state_input_reg[0][0][5]) is unused and will be removed from module aes_encryption_implementation_top.
WARNING: [Synth 8-3332] Sequential element (aes_encryption_implemenation_1/final_state_input_reg[0][0][4]) is unused and will be removed from module aes_encryption_implementation_top.
WARNING: [Synth 8-3332] Sequential element (aes_encryption_implemenation_1/final_state_input_reg[0][0][3]) is unused and will be removed from module aes_encryption_implementation_top.
WARNING: [Synth 8-3332] Sequential element (aes_encryption_implemenation_1/final_state_input_reg[0][0][2]) is unused and will be removed from module aes_encryption_implementation_top.
WARNING: [Synth 8-3332] Sequential element (aes_encryption_implemenation_1/final_state_input_reg[0][0][1]) is unused and will be removed from module aes_encryption_implementation_top.
WARNING: [Synth 8-3332] Sequential element (aes_encryption_implemenation_1/final_state_input_reg[0][0][0]) is unused and will be removed from module aes_encryption_implementation_top.
WARNING: [Synth 8-3332] Sequential element (aes_encryption_implemenation_1/final_state_input_reg[0][1][7]) is unused and will be removed from module aes_encryption_implementation_top.
WARNING: [Synth 8-3332] Sequential element (aes_encryption_implemenation_1/final_state_input_reg[0][1][6]) is unused and will be removed from module aes_encryption_implementation_top.
WARNING: [Synth 8-3332] Sequential element (aes_encryption_implemenation_1/final_state_input_reg[0][1][5]) is unused and will be removed from module aes_encryption_implementation_top.
WARNING: [Synth 8-3332] Sequential element (aes_encryption_implemenation_1/final_state_input_reg[0][1][4]) is unused and will be removed from module aes_encryption_implementation_top.
WARNING: [Synth 8-3332] Sequential element (aes_encryption_implemenation_1/final_state_input_reg[0][1][3]) is unused and will be removed from module aes_encryption_implementation_top.
WARNING: [Synth 8-3332] Sequential element (aes_encryption_implemenation_1/final_state_input_reg[0][1][2]) is unused and will be removed from module aes_encryption_implementation_top.
WARNING: [Synth 8-3332] Sequential element (aes_encryption_implemenation_1/final_state_input_reg[0][1][1]) is unused and will be removed from module aes_encryption_implementation_top.
WARNING: [Synth 8-3332] Sequential element (aes_encryption_implemenation_1/final_state_input_reg[0][1][0]) is unused and will be removed from module aes_encryption_implementation_top.
WARNING: [Synth 8-3332] Sequential element (aes_encryption_implemenation_1/final_state_input_reg[0][2][7]) is unused and will be removed from module aes_encryption_implementation_top.
WARNING: [Synth 8-3332] Sequential element (aes_encryption_implemenation_1/final_state_input_reg[0][2][6]) is unused and will be removed from module aes_encryption_implementation_top.
WARNING: [Synth 8-3332] Sequential element (aes_encryption_implemenation_1/final_state_input_reg[0][2][5]) is unused and will be removed from module aes_encryption_implementation_top.
WARNING: [Synth 8-3332] Sequential element (aes_encryption_implemenation_1/final_state_input_reg[0][2][4]) is unused and will be removed from module aes_encryption_implementation_top.
WARNING: [Synth 8-3332] Sequential element (aes_encryption_implemenation_1/final_state_input_reg[0][2][3]) is unused and will be removed from module aes_encryption_implementation_top.
WARNING: [Synth 8-3332] Sequential element (aes_encryption_implemenation_1/final_state_input_reg[0][2][2]) is unused and will be removed from module aes_encryption_implementation_top.
WARNING: [Synth 8-3332] Sequential element (aes_encryption_implemenation_1/final_state_input_reg[0][2][1]) is unused and will be removed from module aes_encryption_implementation_top.
WARNING: [Synth 8-3332] Sequential element (aes_encryption_implemenation_1/final_state_input_reg[0][2][0]) is unused and will be removed from module aes_encryption_implementation_top.
WARNING: [Synth 8-3332] Sequential element (aes_encryption_implemenation_1/final_state_input_reg[0][3][7]) is unused and will be removed from module aes_encryption_implementation_top.
WARNING: [Synth 8-3332] Sequential element (aes_encryption_implemenation_1/final_state_input_reg[0][3][6]) is unused and will be removed from module aes_encryption_implementation_top.
WARNING: [Synth 8-3332] Sequential element (aes_encryption_implemenation_1/final_state_input_reg[0][3][5]) is unused and will be removed from module aes_encryption_implementation_top.
WARNING: [Synth 8-3332] Sequential element (aes_encryption_implemenation_1/final_state_input_reg[0][3][4]) is unused and will be removed from module aes_encryption_implementation_top.
WARNING: [Synth 8-3332] Sequential element (aes_encryption_implemenation_1/final_state_input_reg[0][3][3]) is unused and will be removed from module aes_encryption_implementation_top.
WARNING: [Synth 8-3332] Sequential element (aes_encryption_implemenation_1/final_state_input_reg[0][3][2]) is unused and will be removed from module aes_encryption_implementation_top.
WARNING: [Synth 8-3332] Sequential element (aes_encryption_implemenation_1/final_state_input_reg[0][3][1]) is unused and will be removed from module aes_encryption_implementation_top.
WARNING: [Synth 8-3332] Sequential element (aes_encryption_implemenation_1/final_state_input_reg[0][3][0]) is unused and will be removed from module aes_encryption_implementation_top.
WARNING: [Synth 8-3332] Sequential element (aes_encryption_implemenation_1/final_state_input_reg[1][0][7]) is unused and will be removed from module aes_encryption_implementation_top.
WARNING: [Synth 8-3332] Sequential element (aes_encryption_implemenation_1/final_state_input_reg[1][0][6]) is unused and will be removed from module aes_encryption_implementation_top.
WARNING: [Synth 8-3332] Sequential element (aes_encryption_implemenation_1/final_state_input_reg[1][0][5]) is unused and will be removed from module aes_encryption_implementation_top.
WARNING: [Synth 8-3332] Sequential element (aes_encryption_implemenation_1/final_state_input_reg[1][0][4]) is unused and will be removed from module aes_encryption_implementation_top.
WARNING: [Synth 8-3332] Sequential element (aes_encryption_implemenation_1/final_state_input_reg[1][0][3]) is unused and will be removed from module aes_encryption_implementation_top.
WARNING: [Synth 8-3332] Sequential element (aes_encryption_implemenation_1/final_state_input_reg[1][0][2]) is unused and will be removed from module aes_encryption_implementation_top.
WARNING: [Synth 8-3332] Sequential element (aes_encryption_implemenation_1/final_state_input_reg[1][0][1]) is unused and will be removed from module aes_encryption_implementation_top.
WARNING: [Synth 8-3332] Sequential element (aes_encryption_implemenation_1/final_state_input_reg[1][0][0]) is unused and will be removed from module aes_encryption_implementation_top.
WARNING: [Synth 8-3332] Sequential element (aes_encryption_implemenation_1/final_state_input_reg[1][1][7]) is unused and will be removed from module aes_encryption_implementation_top.
WARNING: [Synth 8-3332] Sequential element (aes_encryption_implemenation_1/final_state_input_reg[1][1][6]) is unused and will be removed from module aes_encryption_implementation_top.
WARNING: [Synth 8-3332] Sequential element (aes_encryption_implemenation_1/final_state_input_reg[1][1][5]) is unused and will be removed from module aes_encryption_implementation_top.
WARNING: [Synth 8-3332] Sequential element (aes_encryption_implemenation_1/final_state_input_reg[1][1][4]) is unused and will be removed from module aes_encryption_implementation_top.
WARNING: [Synth 8-3332] Sequential element (aes_encryption_implemenation_1/final_state_input_reg[1][1][3]) is unused and will be removed from module aes_encryption_implementation_top.
WARNING: [Synth 8-3332] Sequential element (aes_encryption_implemenation_1/final_state_input_reg[1][1][2]) is unused and will be removed from module aes_encryption_implementation_top.
WARNING: [Synth 8-3332] Sequential element (aes_encryption_implemenation_1/final_state_input_reg[1][1][1]) is unused and will be removed from module aes_encryption_implementation_top.
WARNING: [Synth 8-3332] Sequential element (aes_encryption_implemenation_1/final_state_input_reg[1][1][0]) is unused and will be removed from module aes_encryption_implementation_top.
WARNING: [Synth 8-3332] Sequential element (aes_encryption_implemenation_1/final_state_input_reg[1][2][7]) is unused and will be removed from module aes_encryption_implementation_top.
WARNING: [Synth 8-3332] Sequential element (aes_encryption_implemenation_1/final_state_input_reg[1][2][6]) is unused and will be removed from module aes_encryption_implementation_top.
WARNING: [Synth 8-3332] Sequential element (aes_encryption_implemenation_1/final_state_input_reg[1][2][5]) is unused and will be removed from module aes_encryption_implementation_top.
WARNING: [Synth 8-3332] Sequential element (aes_encryption_implemenation_1/final_state_input_reg[1][2][4]) is unused and will be removed from module aes_encryption_implementation_top.
WARNING: [Synth 8-3332] Sequential element (aes_encryption_implemenation_1/final_state_input_reg[1][2][3]) is unused and will be removed from module aes_encryption_implementation_top.
WARNING: [Synth 8-3332] Sequential element (aes_encryption_implemenation_1/final_state_input_reg[1][2][2]) is unused and will be removed from module aes_encryption_implementation_top.
WARNING: [Synth 8-3332] Sequential element (aes_encryption_implemenation_1/final_state_input_reg[1][2][1]) is unused and will be removed from module aes_encryption_implementation_top.
WARNING: [Synth 8-3332] Sequential element (aes_encryption_implemenation_1/final_state_input_reg[1][2][0]) is unused and will be removed from module aes_encryption_implementation_top.
WARNING: [Synth 8-3332] Sequential element (aes_encryption_implemenation_1/final_state_input_reg[1][3][7]) is unused and will be removed from module aes_encryption_implementation_top.
WARNING: [Synth 8-3332] Sequential element (aes_encryption_implemenation_1/final_state_input_reg[1][3][6]) is unused and will be removed from module aes_encryption_implementation_top.
WARNING: [Synth 8-3332] Sequential element (aes_encryption_implemenation_1/final_state_input_reg[1][3][5]) is unused and will be removed from module aes_encryption_implementation_top.
WARNING: [Synth 8-3332] Sequential element (aes_encryption_implemenation_1/final_state_input_reg[1][3][4]) is unused and will be removed from module aes_encryption_implementation_top.
WARNING: [Synth 8-3332] Sequential element (aes_encryption_implemenation_1/final_state_input_reg[1][3][3]) is unused and will be removed from module aes_encryption_implementation_top.
WARNING: [Synth 8-3332] Sequential element (aes_encryption_implemenation_1/final_state_input_reg[1][3][2]) is unused and will be removed from module aes_encryption_implementation_top.
WARNING: [Synth 8-3332] Sequential element (aes_encryption_implemenation_1/final_state_input_reg[1][3][1]) is unused and will be removed from module aes_encryption_implementation_top.
WARNING: [Synth 8-3332] Sequential element (aes_encryption_implemenation_1/final_state_input_reg[1][3][0]) is unused and will be removed from module aes_encryption_implementation_top.
WARNING: [Synth 8-3332] Sequential element (aes_encryption_implemenation_1/final_state_input_reg[2][0][7]) is unused and will be removed from module aes_encryption_implementation_top.
WARNING: [Synth 8-3332] Sequential element (aes_encryption_implemenation_1/final_state_input_reg[2][0][6]) is unused and will be removed from module aes_encryption_implementation_top.
WARNING: [Synth 8-3332] Sequential element (aes_encryption_implemenation_1/final_state_input_reg[2][0][5]) is unused and will be removed from module aes_encryption_implementation_top.
WARNING: [Synth 8-3332] Sequential element (aes_encryption_implemenation_1/final_state_input_reg[2][0][4]) is unused and will be removed from module aes_encryption_implementation_top.
WARNING: [Synth 8-3332] Sequential element (aes_encryption_implemenation_1/final_state_input_reg[2][0][3]) is unused and will be removed from module aes_encryption_implementation_top.
WARNING: [Synth 8-3332] Sequential element (aes_encryption_implemenation_1/final_state_input_reg[2][0][2]) is unused and will be removed from module aes_encryption_implementation_top.
WARNING: [Synth 8-3332] Sequential element (aes_encryption_implemenation_1/final_state_input_reg[2][0][1]) is unused and will be removed from module aes_encryption_implementation_top.
WARNING: [Synth 8-3332] Sequential element (aes_encryption_implemenation_1/final_state_input_reg[2][0][0]) is unused and will be removed from module aes_encryption_implementation_top.
WARNING: [Synth 8-3332] Sequential element (aes_encryption_implemenation_1/final_state_input_reg[2][1][7]) is unused and will be removed from module aes_encryption_implementation_top.
WARNING: [Synth 8-3332] Sequential element (aes_encryption_implemenation_1/final_state_input_reg[2][1][6]) is unused and will be removed from module aes_encryption_implementation_top.
WARNING: [Synth 8-3332] Sequential element (aes_encryption_implemenation_1/final_state_input_reg[2][1][5]) is unused and will be removed from module aes_encryption_implementation_top.
WARNING: [Synth 8-3332] Sequential element (aes_encryption_implemenation_1/final_state_input_reg[2][1][4]) is unused and will be removed from module aes_encryption_implementation_top.
WARNING: [Synth 8-3332] Sequential element (aes_encryption_implemenation_1/final_state_input_reg[2][1][3]) is unused and will be removed from module aes_encryption_implementation_top.
WARNING: [Synth 8-3332] Sequential element (aes_encryption_implemenation_1/final_state_input_reg[2][1][2]) is unused and will be removed from module aes_encryption_implementation_top.
WARNING: [Synth 8-3332] Sequential element (aes_encryption_implemenation_1/final_state_input_reg[2][1][1]) is unused and will be removed from module aes_encryption_implementation_top.
WARNING: [Synth 8-3332] Sequential element (aes_encryption_implemenation_1/final_state_input_reg[2][1][0]) is unused and will be removed from module aes_encryption_implementation_top.
WARNING: [Synth 8-3332] Sequential element (aes_encryption_implemenation_1/final_state_input_reg[2][2][7]) is unused and will be removed from module aes_encryption_implementation_top.
WARNING: [Synth 8-3332] Sequential element (aes_encryption_implemenation_1/final_state_input_reg[2][2][6]) is unused and will be removed from module aes_encryption_implementation_top.
WARNING: [Synth 8-3332] Sequential element (aes_encryption_implemenation_1/final_state_input_reg[2][2][5]) is unused and will be removed from module aes_encryption_implementation_top.
WARNING: [Synth 8-3332] Sequential element (aes_encryption_implemenation_1/final_state_input_reg[2][2][4]) is unused and will be removed from module aes_encryption_implementation_top.
INFO: [Common 17-14] Message 'Synth 8-3332' appears 100 times and further instances of the messages will be disabled. Use the Tcl command set_msg_config to change the current settings.
---------------------------------------------------------------------------------
Finished Technology Mapping : Time (s): cpu = 00:01:00 ; elapsed = 00:01:10 . Memory (MB): peak = 848.738 ; gain = 594.020
---------------------------------------------------------------------------------

Report RTL Partitions: 
+-+--------------+------------+----------+
| |RTL Partition |Replication |Instances |
+-+--------------+------------+----------+
+-+--------------+------------+----------+
---------------------------------------------------------------------------------
Start IO Insertion
---------------------------------------------------------------------------------
---------------------------------------------------------------------------------
Start Flattening Before IO Insertion
---------------------------------------------------------------------------------
---------------------------------------------------------------------------------
Finished Flattening Before IO Insertion
---------------------------------------------------------------------------------
---------------------------------------------------------------------------------
Start Final Netlist Cleanup
---------------------------------------------------------------------------------
---------------------------------------------------------------------------------
Finished Final Netlist Cleanup
---------------------------------------------------------------------------------
---------------------------------------------------------------------------------
Finished IO Insertion : Time (s): cpu = 00:01:01 ; elapsed = 00:01:11 . Memory (MB): peak = 848.738 ; gain = 594.020
---------------------------------------------------------------------------------

Report Check Netlist: 
+------+------------------+-------+---------+-------+------------------+
|      |Item              |Errors |Warnings |Status |Description       |
+------+------------------+-------+---------+-------+------------------+
|1     |multi_driven_nets |      0|        0|Passed |Multi driven nets |
+------+------------------+-------+---------+-------+------------------+
---------------------------------------------------------------------------------
Start Renaming Generated Instances
---------------------------------------------------------------------------------
---------------------------------------------------------------------------------
Finished Renaming Generated Instances : Time (s): cpu = 00:01:01 ; elapsed = 00:01:11 . Memory (MB): peak = 848.738 ; gain = 594.020
---------------------------------------------------------------------------------

Report RTL Partitions: 
+-+--------------+------------+----------+
| |RTL Partition |Replication |Instances |
+-+--------------+------------+----------+
+-+--------------+------------+----------+
---------------------------------------------------------------------------------
Start Rebuilding User Hierarchy
---------------------------------------------------------------------------------
---------------------------------------------------------------------------------
Finished Rebuilding User Hierarchy : Time (s): cpu = 00:01:01 ; elapsed = 00:01:11 . Memory (MB): peak = 848.738 ; gain = 594.020
---------------------------------------------------------------------------------
---------------------------------------------------------------------------------
Start Renaming Generated Ports
---------------------------------------------------------------------------------
---------------------------------------------------------------------------------
Finished Renaming Generated Ports : Time (s): cpu = 00:01:01 ; elapsed = 00:01:11 . Memory (MB): peak = 848.738 ; gain = 594.020
---------------------------------------------------------------------------------
---------------------------------------------------------------------------------
Start Handling Custom Attributes
---------------------------------------------------------------------------------
---------------------------------------------------------------------------------
Finished Handling Custom Attributes : Time (s): cpu = 00:01:01 ; elapsed = 00:01:11 . Memory (MB): peak = 848.738 ; gain = 594.020
---------------------------------------------------------------------------------
---------------------------------------------------------------------------------
Start Renaming Generated Nets
---------------------------------------------------------------------------------
---------------------------------------------------------------------------------
Finished Renaming Generated Nets : Time (s): cpu = 00:01:01 ; elapsed = 00:01:11 . Memory (MB): peak = 848.738 ; gain = 594.020
---------------------------------------------------------------------------------
---------------------------------------------------------------------------------
Start Writing Synthesis Report
---------------------------------------------------------------------------------

Report BlackBoxes: 
+-+--------------+----------+
| |BlackBox name |Instances |
+-+--------------+----------+
+-+--------------+----------+

Report Cell Usage: 
+------+-----+------+
|      |Cell |Count |
+------+-----+------+
|1     |BUFG |     1|
|2     |LUT2 |     1|
|3     |LUT3 |     3|
|4     |LUT4 |     4|
|5     |LUT6 |     1|
|6     |FDCE |     4|
|7     |FDRE |     5|
|8     |IBUF |     2|
|9     |OBUF |     1|
+------+-----+------+

Report Instance Areas: 
+------+---------------------------------+------------------------------+------+
|      |Instance                         |Module                        |Cells |
+------+---------------------------------+------------------------------+------+
|1     |top                              |                              |    22|
|2     |  aes_encryption_implemenation_1 |aes_encryption_implementation |    12|
+------+---------------------------------+------------------------------+------+
---------------------------------------------------------------------------------
Finished Writing Synthesis Report : Time (s): cpu = 00:01:01 ; elapsed = 00:01:11 . Memory (MB): peak = 848.738 ; gain = 594.020
---------------------------------------------------------------------------------
Synthesis finished with 0 errors, 0 critical warnings and 386 warnings.
Synthesis Optimization Runtime : Time (s): cpu = 00:00:48 ; elapsed = 00:01:01 . Memory (MB): peak = 848.738 ; gain = 216.797
Synthesis Optimization Complete : Time (s): cpu = 00:01:01 ; elapsed = 00:01:11 . Memory (MB): peak = 848.738 ; gain = 594.020
INFO: [Project 1-571] Translating synthesized netlist
INFO: [Netlist 29-17] Analyzing 2 Unisim elements for replacement
INFO: [Netlist 29-28] Unisim Transformation completed in 0 CPU seconds
INFO: [Project 1-570] Preparing netlist for logic optimization
INFO: [Opt 31-138] Pushed 0 inverter(s) to 0 load pin(s).
INFO: [Project 1-111] Unisim Transformation Summary:
No Unisim elements were transformed.

INFO: [Common 17-83] Releasing license: Synthesis
211 Infos, 131 Warnings, 0 Critical Warnings and 0 Errors encountered.
synth_design completed successfully
synth_design: Time (s): cpu = 00:01:03 ; elapsed = 00:01:14 . Memory (MB): peak = 848.738 ; gain = 606.703
INFO: [Common 17-1381] The checkpoint 'D:/vivado_projects/aes_encryption_implementation/aes_encryption_implementation.runs/synth_1/aes_encryption_implementation_top.dcp' has been generated.
INFO: [runtcl-4] Executing : report_utilization -file aes_encryption_implementation_top_utilization_synth.rpt -pb aes_encryption_implementation_top_utilization_synth.pb
report_utilization: Time (s): cpu = 00:00:00 ; elapsed = 00:00:00.030 . Memory (MB): peak = 848.738 ; gain = 0.000
INFO: [Common 17-206] Exiting Vivado at Fri Jun 29 23:10:53 2018...
