Vivado Simulator 2018.1
Copyright 1986-1999, 2001-2017 Xilinx, Inc. All Rights Reserved.
Running: F:/Xilinx/Vivado/2018.1/bin/unwrapped/win64.o/xelab.exe -wto 32ba1800294b4335a059dc7c1c7eb1ce --incr --debug typical --relax --mt 2 -L xil_defaultlib -L secureip --snapshot aes_encryption_wrapper_tb_behav xil_defaultlib.aes_encryption_wrapper_tb -log elaborate.log 
Using 2 slave threads.
Starting static elaboration
Completed static elaboration
Starting simulation data flow analysis
Completed simulation data flow analysis
Time Resolution for simulation is 1ps
Compiling package std.standard
Compiling package std.textio
Compiling package ieee.std_logic_1164
Compiling package xil_defaultlib.aes_encryption_lib
Compiling package ieee.numeric_std
Compiling architecture behavioral of entity xil_defaultlib.aes_encryption_sbox [aes_encryption_sbox_default]
Compiling architecture behavioral of entity xil_defaultlib.g_function [g_function_default]
Compiling architecture behavioral of entity xil_defaultlib.bitwise_xor_word [bitwise_xor_word_default]
Compiling architecture behavioral of entity xil_defaultlib.aes_encryption_key_schedule [aes_encryption_key_schedule_defa...]
Compiling architecture behavioral of entity xil_defaultlib.bitwise_xor_state [bitwise_xor_state_default]
Compiling architecture behavioral of entity xil_defaultlib.aes_encryption_ShiftRows [aes_encryption_shiftrows_default]
Compiling architecture behavioral of entity xil_defaultlib.mult_by_2 [mult_by_2_default]
Compiling architecture behavioral of entity xil_defaultlib.mult_by_3 [mult_by_3_default]
Compiling architecture behavioral of entity xil_defaultlib.aes_encryption_mixColumns [aes_encryption_mixcolumns_defaul...]
Compiling architecture behavioral of entity xil_defaultlib.aes_encryption_key_addition [aes_encryption_key_addition_defa...]
Compiling architecture behavioral of entity xil_defaultlib.aes_encryption_round [aes_encryption_round_default]
Compiling architecture behavioral of entity xil_defaultlib.aes_encryption_last_round [aes_encryption_last_round_defaul...]
Compiling architecture behavioral of entity xil_defaultlib.aes_encryption_implementation [aes_encryption_implementation_de...]
Compiling architecture behavioral of entity xil_defaultlib.aes_encryption_wrapper [aes_encryption_wrapper_default]
Compiling architecture behavioral of entity xil_defaultlib.aes_encryption_wrapper_tb
Built simulation snapshot aes_encryption_wrapper_tb_behav
