#-----------------------------------------------------------
# Vivado v2018.1 (64-bit)
# SW Build 2188600 on Wed Apr  4 18:40:38 MDT 2018
# IP Build 2185939 on Wed Apr  4 20:55:05 MDT 2018
# Start of session at: Tue Jul 17 20:30:10 2018
# Process ID: 11520
# Current directory: D:/git_repos/aes_encryption_vhdl_implementation/vivado_project/aes_encryption_implementation
# Command line: vivado.exe -gui_launcher_event rodinguilauncherevent8860 D:\git_repos\aes_encryption_vhdl_implementation\vivado_project\aes_encryption_implementation\aes_encryption_implementation.xpr
# Log file: D:/git_repos/aes_encryption_vhdl_implementation/vivado_project/aes_encryption_implementation/vivado.log
# Journal file: D:/git_repos/aes_encryption_vhdl_implementation/vivado_project/aes_encryption_implementation\vivado.jou
#-----------------------------------------------------------
start_gui
open_project D:/git_repos/aes_encryption_vhdl_implementation/vivado_project/aes_encryption_implementation/aes_encryption_implementation.xpr
INFO: [ProjectBase 1-489] The host OS only allows 260 characters in a normal path. The project is stored in a path with more than 80 characters. If you experience issues with IP, Block Designs, or files not being found, please consider moving the project to a location with a shorter path. Alternately consider using the OS subst command to map part of the path to a drive letter.
Current project path is 'D:/git_repos/aes_encryption_vhdl_implementation/vivado_project/aes_encryption_implementation'
INFO: [Project 1-313] Project file moved from 'D:/vivado_projects/aes_encryption_implementation' since last save.
Scanning sources...
Finished scanning sources
INFO: [IP_Flow 19-234] Refreshing IP repositories
INFO: [IP_Flow 19-1704] No user IP repositories specified
INFO: [IP_Flow 19-2313] Loaded Vivado IP repository 'F:/Xilinx/Vivado/2018.1/data/ip'.
open_project: Time (s): cpu = 00:00:06 ; elapsed = 00:00:08 . Memory (MB): peak = 737.340 ; gain = 62.324
update_compile_order -fileset sources_1
export_ip_user_files -of_objects  [get_files D:/git_repos/aes_encryption_vhdl_implementation/vivado_project/aes_encryption_implementation/aes_encryption_implementation.srcs/sources_1/new/aes_encryption_implementation_top.vhd] -no_script -reset -force -quiet
export_ip_user_files -of_objects  [get_files D:/git_repos/aes_encryption_vhdl_implementation/vivado_project/aes_encryption_implementation/aes_encryption_implementation.srcs/sources_1/new/aes_encryption_implementation.vhd] -no_script -reset -force -quiet
export_ip_user_files -of_objects  [get_files D:/git_repos/aes_encryption_vhdl_implementation/vivado_project/aes_encryption_implementation/aes_encryption_implementation.srcs/sources_1/new/aes_encryption_key_schedule.vhd] -no_script -reset -force -quiet
export_ip_user_files -of_objects  [get_files D:/git_repos/aes_encryption_vhdl_implementation/vivado_project/aes_encryption_implementation/aes_encryption_implementation.srcs/sources_1/new/aes_encryption_key_addition.vhd] -no_script -reset -force -quiet
export_ip_user_files -of_objects  [get_files D:/git_repos/aes_encryption_vhdl_implementation/vivado_project/aes_encryption_implementation/aes_encryption_implementation.srcs/sources_1/new/aes_encryption_rounds.vhd] -no_script -reset -force -quiet
export_ip_user_files -of_objects  [get_files D:/git_repos/aes_encryption_vhdl_implementation/vivado_project/aes_encryption_implementation/aes_encryption_implementation.srcs/sources_1/new/aes_encryption_last_round.vhd] -no_script -reset -force -quiet
remove_files  {D:/git_repos/aes_encryption_vhdl_implementation/vivado_project/aes_encryption_implementation/aes_encryption_implementation.srcs/sources_1/new/aes_encryption_implementation_top.vhd D:/git_repos/aes_encryption_vhdl_implementation/vivado_project/aes_encryption_implementation/aes_encryption_implementation.srcs/sources_1/new/aes_encryption_implementation.vhd D:/git_repos/aes_encryption_vhdl_implementation/vivado_project/aes_encryption_implementation/aes_encryption_implementation.srcs/sources_1/new/aes_encryption_key_schedule.vhd D:/git_repos/aes_encryption_vhdl_implementation/vivado_project/aes_encryption_implementation/aes_encryption_implementation.srcs/sources_1/new/aes_encryption_key_addition.vhd D:/git_repos/aes_encryption_vhdl_implementation/vivado_project/aes_encryption_implementation/aes_encryption_implementation.srcs/sources_1/new/aes_encryption_rounds.vhd D:/git_repos/aes_encryption_vhdl_implementation/vivado_project/aes_encryption_implementation/aes_encryption_implementation.srcs/sources_1/new/aes_encryption_last_round.vhd}
file delete -force D:/git_repos/aes_encryption_vhdl_implementation/vivado_project/aes_encryption_implementation/aes_encryption_implementation.srcs/sources_1/new/aes_encryption_implementation_top.vhd D:/git_repos/aes_encryption_vhdl_implementation/vivado_project/aes_encryption_implementation/aes_encryption_implementation.srcs/sources_1/new/aes_encryption_implementation.vhd D:/git_repos/aes_encryption_vhdl_implementation/vivado_project/aes_encryption_implementation/aes_encryption_implementation.srcs/sources_1/new/aes_encryption_key_schedule.vhd D:/git_repos/aes_encryption_vhdl_implementation/vivado_project/aes_encryption_implementation/aes_encryption_implementation.srcs/sources_1/new/aes_encryption_key_addition.vhd D:/git_repos/aes_encryption_vhdl_implementation/vivado_project/aes_encryption_implementation/aes_encryption_implementation.srcs/sources_1/new/aes_encryption_rounds.vhd D:/git_repos/aes_encryption_vhdl_implementation/vivado_project/aes_encryption_implementation/aes_encryption_implementation.srcs/sources_1/new/aes_encryption_last_round.vhd
update_compile_order -fileset sources_1
export_ip_user_files -of_objects  [get_files D:/git_repos/aes_encryption_vhdl_implementation/vivado_project/aes_encryption_implementation/aes_encryption_implementation.srcs/sources_1/new/aes_encryption_ShiftRows.vhd] -no_script -reset -force -quiet
export_ip_user_files -of_objects  [get_files D:/git_repos/aes_encryption_vhdl_implementation/vivado_project/aes_encryption_implementation/aes_encryption_implementation.srcs/sources_1/new/aes_encryption_mixColumns.vhd] -no_script -reset -force -quiet
export_ip_user_files -of_objects  [get_files D:/git_repos/aes_encryption_vhdl_implementation/vivado_project/aes_encryption_implementation/aes_encryption_implementation.srcs/sources_1/new/g_function.vhd] -no_script -reset -force -quiet
remove_files  {D:/git_repos/aes_encryption_vhdl_implementation/vivado_project/aes_encryption_implementation/aes_encryption_implementation.srcs/sources_1/new/aes_encryption_ShiftRows.vhd D:/git_repos/aes_encryption_vhdl_implementation/vivado_project/aes_encryption_implementation/aes_encryption_implementation.srcs/sources_1/new/aes_encryption_mixColumns.vhd D:/git_repos/aes_encryption_vhdl_implementation/vivado_project/aes_encryption_implementation/aes_encryption_implementation.srcs/sources_1/new/g_function.vhd}
file delete -force D:/git_repos/aes_encryption_vhdl_implementation/vivado_project/aes_encryption_implementation/aes_encryption_implementation.srcs/sources_1/new/aes_encryption_ShiftRows.vhd D:/git_repos/aes_encryption_vhdl_implementation/vivado_project/aes_encryption_implementation/aes_encryption_implementation.srcs/sources_1/new/aes_encryption_mixColumns.vhd D:/git_repos/aes_encryption_vhdl_implementation/vivado_project/aes_encryption_implementation/aes_encryption_implementation.srcs/sources_1/new/g_function.vhd
update_compile_order -fileset sources_1
export_ip_user_files -of_objects  [get_files D:/git_repos/aes_encryption_vhdl_implementation/vivado_project/aes_encryption_implementation/aes_encryption_implementation.srcs/sources_1/imports/Downloads/aes_encryption_sbox.vhd] -no_script -reset -force -quiet
export_ip_user_files -of_objects  [get_files D:/git_repos/aes_encryption_vhdl_implementation/vivado_project/aes_encryption_implementation/aes_encryption_implementation.srcs/sources_1/new/mult_by_2.vhd] -no_script -reset -force -quiet
export_ip_user_files -of_objects  [get_files D:/git_repos/aes_encryption_vhdl_implementation/vivado_project/aes_encryption_implementation/aes_encryption_implementation.srcs/sources_1/new/mult_by_3.vhd] -no_script -reset -force -quiet
remove_files  {D:/git_repos/aes_encryption_vhdl_implementation/vivado_project/aes_encryption_implementation/aes_encryption_implementation.srcs/sources_1/imports/Downloads/aes_encryption_sbox.vhd D:/git_repos/aes_encryption_vhdl_implementation/vivado_project/aes_encryption_implementation/aes_encryption_implementation.srcs/sources_1/new/mult_by_2.vhd D:/git_repos/aes_encryption_vhdl_implementation/vivado_project/aes_encryption_implementation/aes_encryption_implementation.srcs/sources_1/new/mult_by_3.vhd}
file delete -force D:/git_repos/aes_encryption_vhdl_implementation/vivado_project/aes_encryption_implementation/aes_encryption_implementation.srcs/sources_1/imports/Downloads/aes_encryption_sbox.vhd D:/git_repos/aes_encryption_vhdl_implementation/vivado_project/aes_encryption_implementation/aes_encryption_implementation.srcs/sources_1/new/mult_by_2.vhd D:/git_repos/aes_encryption_vhdl_implementation/vivado_project/aes_encryption_implementation/aes_encryption_implementation.srcs/sources_1/new/mult_by_3.vhd
export_ip_user_files -of_objects  [get_files D:/git_repos/aes_encryption_vhdl_implementation/vivado_project/aes_encryption_implementation/aes_encryption_implementation.srcs/sources_1/new/aes_encryption_lib.vhd] -no_script -reset -force -quiet
remove_files  D:/git_repos/aes_encryption_vhdl_implementation/vivado_project/aes_encryption_implementation/aes_encryption_implementation.srcs/sources_1/new/aes_encryption_lib.vhd
file delete -force D:/git_repos/aes_encryption_vhdl_implementation/vivado_project/aes_encryption_implementation/aes_encryption_implementation.srcs/sources_1/new/aes_encryption_lib.vhd
add_files -scan_for_includes {D:/git_repos/aes_encryption_vhdl_implementation/source/aes_encryption_ShiftRows.vhd D:/git_repos/aes_encryption_vhdl_implementation/source/aes_encryption_implementation.vhd D:/git_repos/aes_encryption_vhdl_implementation/source/aes_encryption_key_schedule.vhd D:/git_repos/aes_encryption_vhdl_implementation/source/g_function.vhd D:/git_repos/aes_encryption_vhdl_implementation/source/aes_encryption_last_round.vhd D:/git_repos/aes_encryption_vhdl_implementation/source/aes_encryption_mixColumns.vhd D:/git_repos/aes_encryption_vhdl_implementation/source/aes_encryption_lib.vhd D:/git_repos/aes_encryption_vhdl_implementation/source/aes_encryption_ShiftRows.vhd D:/git_repos/aes_encryption_vhdl_implementation/source/aes_encryption_implementation.vhd D:/git_repos/aes_encryption_vhdl_implementation/source/aes_encryption_key_schedule.vhd D:/git_repos/aes_encryption_vhdl_implementation/source/aes_encryption_rounds.vhd D:/git_repos/aes_encryption_vhdl_implementation/source/g_function.vhd D:/git_repos/aes_encryption_vhdl_implementation/source/aes_encryption_last_round.vhd D:/git_repos/aes_encryption_vhdl_implementation/source/aes_encryption_mixColumns.vhd D:/git_repos/aes_encryption_vhdl_implementation/source/aes_encryption_sbox.vhd D:/git_repos/aes_encryption_vhdl_implementation/source/aes_encryption_key_addition.vhd D:/git_repos/aes_encryption_vhdl_implementation/source/mult_by_3.vhd D:/git_repos/aes_encryption_vhdl_implementation/source/mult_by_2.vhd D:/git_repos/aes_encryption_vhdl_implementation/source/aes_encryption_key_addition.vhd D:/git_repos/aes_encryption_vhdl_implementation/source/mult_by_3.vhd D:/git_repos/aes_encryption_vhdl_implementation/source/aes_encryption_lib.vhd D:/git_repos/aes_encryption_vhdl_implementation/source/aes_encryption_rounds.vhd D:/git_repos/aes_encryption_vhdl_implementation/source/aes_encryption_sbox.vhd D:/git_repos/aes_encryption_vhdl_implementation/source/mult_by_2.vhd}
import_files {D:/git_repos/aes_encryption_vhdl_implementation/source/aes_encryption_ShiftRows.vhd D:/git_repos/aes_encryption_vhdl_implementation/source/aes_encryption_implementation.vhd D:/git_repos/aes_encryption_vhdl_implementation/source/aes_encryption_key_schedule.vhd D:/git_repos/aes_encryption_vhdl_implementation/source/g_function.vhd D:/git_repos/aes_encryption_vhdl_implementation/source/aes_encryption_last_round.vhd D:/git_repos/aes_encryption_vhdl_implementation/source/aes_encryption_mixColumns.vhd D:/git_repos/aes_encryption_vhdl_implementation/source/aes_encryption_lib.vhd D:/git_repos/aes_encryption_vhdl_implementation/source/aes_encryption_ShiftRows.vhd D:/git_repos/aes_encryption_vhdl_implementation/source/aes_encryption_implementation.vhd D:/git_repos/aes_encryption_vhdl_implementation/source/aes_encryption_key_schedule.vhd D:/git_repos/aes_encryption_vhdl_implementation/source/aes_encryption_rounds.vhd D:/git_repos/aes_encryption_vhdl_implementation/source/g_function.vhd D:/git_repos/aes_encryption_vhdl_implementation/source/aes_encryption_last_round.vhd D:/git_repos/aes_encryption_vhdl_implementation/source/aes_encryption_mixColumns.vhd D:/git_repos/aes_encryption_vhdl_implementation/source/aes_encryption_sbox.vhd D:/git_repos/aes_encryption_vhdl_implementation/source/aes_encryption_key_addition.vhd D:/git_repos/aes_encryption_vhdl_implementation/source/mult_by_3.vhd D:/git_repos/aes_encryption_vhdl_implementation/source/mult_by_2.vhd D:/git_repos/aes_encryption_vhdl_implementation/source/aes_encryption_key_addition.vhd D:/git_repos/aes_encryption_vhdl_implementation/source/mult_by_3.vhd D:/git_repos/aes_encryption_vhdl_implementation/source/aes_encryption_lib.vhd D:/git_repos/aes_encryption_vhdl_implementation/source/aes_encryption_rounds.vhd D:/git_repos/aes_encryption_vhdl_implementation/source/aes_encryption_sbox.vhd D:/git_repos/aes_encryption_vhdl_implementation/source/mult_by_2.vhd}
update_compile_order -fileset sources_1
update_compile_order -fileset sources_1
set_property top aes_encryption_implementation [current_fileset]
update_compile_order -fileset sources_1
